Using pre-set license
Built from '2021.3/staging' branch; Version is '2021.3.9f1 (ad3870b89536) revision 11352176'; Using compiler version '192829333'; Build Type 'Release'
OS: 'Windows 10  (10.0.19044) 64bit Education' Language: 'en' Physical Memory: 16295 MB
BatchMode: 1, IsHumanControllingUs: 0, StartBugReporterOnCrash: 0, Is64bit: 1, IsPro: 1

COMMAND LINE ARGUMENTS:
C:\Program Files\Unity\Hub\Editor\2021.3.9f1\Editor\Unity.exe
-adb2
-batchMode
-noUpm
-name
AssetImportWorker0
-projectPath
D:/Github/WormsAssignment/WormsAssignmentGame
-logFile
Logs/AssetImportWorker0.log
-srvPort
55041
Successfully changed project path to: D:/Github/WormsAssignment/WormsAssignmentGame
D:/Github/WormsAssignment/WormsAssignmentGame
[UnityMemory] Configuration Parameters - Can be set up in boot.config
    "memorysetup-bucket-allocator-granularity=16"
    "memorysetup-bucket-allocator-bucket-count=8"
    "memorysetup-bucket-allocator-block-size=33554432"
    "memorysetup-bucket-allocator-block-count=8"
    "memorysetup-main-allocator-block-size=16777216"
    "memorysetup-thread-allocator-block-size=16777216"
    "memorysetup-gfx-main-allocator-block-size=16777216"
    "memorysetup-gfx-thread-allocator-block-size=16777216"
    "memorysetup-cache-allocator-block-size=4194304"
    "memorysetup-typetree-allocator-block-size=2097152"
    "memorysetup-profiler-bucket-allocator-granularity=16"
    "memorysetup-profiler-bucket-allocator-bucket-count=8"
    "memorysetup-profiler-bucket-allocator-block-size=33554432"
    "memorysetup-profiler-bucket-allocator-block-count=8"
    "memorysetup-profiler-allocator-block-size=16777216"
    "memorysetup-profiler-editor-allocator-block-size=1048576"
    "memorysetup-temp-allocator-size-main=16777216"
    "memorysetup-job-temp-allocator-block-size=2097152"
    "memorysetup-job-temp-allocator-block-size-background=1048576"
    "memorysetup-job-temp-allocator-reduction-small-platforms=262144"
    "memorysetup-temp-allocator-size-background-worker=32768"
    "memorysetup-temp-allocator-size-job-worker=262144"
    "memorysetup-temp-allocator-size-preload-manager=33554432"
    "memorysetup-temp-allocator-size-nav-mesh-worker=65536"
    "memorysetup-temp-allocator-size-audio-worker=65536"
    "memorysetup-temp-allocator-size-cloud-worker=32768"
    "memorysetup-temp-allocator-size-gi-baking-worker=262144"
    "memorysetup-temp-allocator-size-gfx=262144"
Refreshing native plugins compatible for Editor in 96.95 ms, found 3 plugins.
Preloading 0 native plugins for Editor in 0.00 ms.
Initialize engine version: 2021.3.9f1 (ad3870b89536)
[Subsystems] Discovering subsystems at path C:/Program Files/Unity/Hub/Editor/2021.3.9f1/Editor/Data/Resources/UnitySubsystems
[Subsystems] Discovering subsystems at path D:/Github/WormsAssignment/WormsAssignmentGame/Assets
GfxDevice: creating device client; threaded=0; jobified=0
Direct3D:
    Version:  Direct3D 11.0 [level 11.1]
    Renderer: NVIDIA GeForce RTX 2060 (ID=0x1f08)
    Vendor:   NVIDIA
    VRAM:     5980 MB
    Driver:   30.0.15.1215
Initialize mono
Mono path[0] = 'C:/Program Files/Unity/Hub/Editor/2021.3.9f1/Editor/Data/Managed'
Mono path[1] = 'C:/Program Files/Unity/Hub/Editor/2021.3.9f1/Editor/Data/MonoBleedingEdge/lib/mono/unityjit-win32'
Mono config path = 'C:/Program Files/Unity/Hub/Editor/2021.3.9f1/Editor/Data/MonoBleedingEdge/etc'
Using monoOptions --debugger-agent=transport=dt_socket,embedding=1,server=y,suspend=n,address=127.0.0.1:56564
Begin MonoManager ReloadAssembly
Registering precompiled unity dll's ...
Register platform support module: C:/Program Files/Unity/Hub/Editor/2021.3.9f1/Editor/Data/PlaybackEngines/WindowsStandaloneSupport/UnityEditor.WindowsStandalone.Extensions.dll
Registered in 0.008176 seconds.
Native extension for WindowsStandalone target not found
Refreshing native plugins compatible for Editor in 104.15 ms, found 3 plugins.
Preloading 0 native plugins for Editor in 0.00 ms.
Mono: successfully reloaded assembly
- Completed reload, in  0.655 seconds
Domain Reload Profiling:
	ReloadAssembly (656ms)
		BeginReloadAssembly (70ms)
			ExecutionOrderSort (0ms)
			DisableScriptedObjects (0ms)
			BackupInstance (0ms)
			ReleaseScriptingObjects (0ms)
			CreateAndSetChildDomain (1ms)
		EndReloadAssembly (478ms)
			LoadAssemblies (68ms)
			RebuildTransferFunctionScriptingTraits (0ms)
			SetupTypeCache (105ms)
			ReleaseScriptCaches (0ms)
			RebuildScriptCaches (27ms)
			SetupLoadedEditorAssemblies (296ms)
				LogAssemblyErrors (0ms)
				InitializePlatformSupportModulesInManaged (8ms)
				SetLoadedEditorAssemblies (0ms)
				RefreshPlugins (104ms)
				BeforeProcessingInitializeOnLoad (1ms)
				ProcessInitializeOnLoadAttributes (137ms)
				ProcessInitializeOnLoadMethodAttributes (45ms)
				AfterProcessingInitializeOnLoad (0ms)
				EditorAssembliesLoaded (0ms)
			ExecutionOrderSort2 (0ms)
			AwakeInstancesAfterBackupRestoration (0ms)
Platform modules already initialized, skipping
Registering precompiled user dll's ...
Registered in 0.005412 seconds.
Begin MonoManager ReloadAssembly
Symbol file LoadedFromMemory doesn't match image D:\Github\WormsAssignment\WormsAssignmentGame\Library\PackageCache\com.unity.visualscripting@1.7.8\Editor\VisualScripting.Core\Dependencies\YamlDotNet\Unity.VisualScripting.YamlDotNet.dll
Symbol file LoadedFromMemory doesn't match image D:\Github\WormsAssignment\WormsAssignmentGame\Library\PackageCache\com.unity.visualscripting@1.7.8\Editor\VisualScripting.Core\Dependencies\DotNetZip\Unity.VisualScripting.IonicZip.dll
Native extension for WindowsStandalone target not found
Refreshing native plugins compatible for Editor in 96.35 ms, found 3 plugins.
Preloading 0 native plugins for Editor in 0.00 ms.
Mono: successfully reloaded assembly
- Completed reload, in  1.280 seconds
Domain Reload Profiling:
	ReloadAssembly (1281ms)
		BeginReloadAssembly (115ms)
			ExecutionOrderSort (0ms)
			DisableScriptedObjects (6ms)
			BackupInstance (0ms)
			ReleaseScriptingObjects (0ms)
			CreateAndSetChildDomain (19ms)
		EndReloadAssembly (1051ms)
			LoadAssemblies (92ms)
			RebuildTransferFunctionScriptingTraits (0ms)
			SetupTypeCache (312ms)
			ReleaseScriptCaches (1ms)
			RebuildScriptCaches (60ms)
			SetupLoadedEditorAssemblies (559ms)
				LogAssemblyErrors (0ms)
				InitializePlatformSupportModulesInManaged (4ms)
				SetLoadedEditorAssemblies (0ms)
				RefreshPlugins (96ms)
				BeforeProcessingInitializeOnLoad (103ms)
				ProcessInitializeOnLoadAttributes (263ms)
				ProcessInitializeOnLoadMethodAttributes (84ms)
				AfterProcessingInitializeOnLoad (8ms)
				EditorAssembliesLoaded (0ms)
			ExecutionOrderSort2 (0ms)
			AwakeInstancesAfterBackupRestoration (6ms)
Platform modules already initialized, skipping
========================================================================
Worker process is ready to serve import requests
Launched and connected shader compiler UnityShaderCompiler.exe after 0.03 seconds
Refreshing native plugins compatible for Editor in 0.86 ms, found 3 plugins.
Preloading 0 native plugins for Editor in 0.00 ms.
Unloading 5709 Unused Serialized files (Serialized files now loaded: 0)
Unloading 49 unused Assets / (0.8 MB). Loaded Objects now: 6164.
Memory consumption went from 227.1 MB to 226.3 MB.
Total: 3.543300 ms (FindLiveObjects: 0.431800 ms CreateObjectMapping: 0.378600 ms MarkObjects: 2.433600 ms  DeleteObjects: 0.298600 ms)

AssetImportParameters requested are different than current active one (requested -> active):
  custom:video-decoder-ogg-theora: a1e56fd34408186e4bbccfd4996cb3dc -> 
  custom:container-muxer-webm: aa71ff27fc2769a1b78a27578f13a17b -> 
  custom:container-demuxer-webm: 4f35f7cbe854078d1ac9338744f61a02 -> 
  custom:video-encoder-webm-vp8: eb34c28f22e8b96e1ab97ce403110664 -> 
  custom:audio-encoder-webm-vorbis: bf7c407c2cedff20999df2af8eb42d56 -> 
  custom:framework-win-MediaFoundation: 216162199b28c13a410421893ffa2e32 -> 
  custom:container-demuxer-ogg: 62fdf1f143b41e24485cea50d1cbac27 -> 
  custom:video-decoder-webm-vp8: 9c59270c3fd7afecdb556c50c9e8de78 -> 
  custom:audio-decoder-ogg-vorbis: bf7c407c2cedff20999df2af8eb42d56 -> 
========================================================================
Received Import Request.
  Time since last request: 1051049.836344 seconds.
  path: Assets/Scenes/tropics.unity
  artifactKey: Guid(4e0545224d3f46649975a61386881552) Importer(815301076,1909f56bfc062723c751e8b465ee728b)
Start importing Assets/Scenes/tropics.unity using Guid(4e0545224d3f46649975a61386881552) Importer(815301076,1909f56bfc062723c751e8b465ee728b)  -> (artifact id: 'f2a721911248fcfcfacb1d32750953a2') in 0.008229 seconds 
========================================================================
Received Import Request.
  Time since last request: 384.120155 seconds.
  path: Assets/Art/WaterGraph.shadergraph
  artifactKey: Guid(8c1bc723883bd44488077374ec7fee2a) Importer(815301076,1909f56bfc062723c751e8b465ee728b)
Start importing Assets/Art/WaterGraph.shadergraph using Guid(8c1bc723883bd44488077374ec7fee2a) Importer(815301076,1909f56bfc062723c751e8b465ee728b)  -> (artifact id: '8ab756d2556759fa81b716132b54bc27') in 0.030183 seconds 
========================================================================
Received Import Request.
  Time since last request: 14.948410 seconds.
  path: Assets/Art/Water.mat
  artifactKey: Guid(e93f91097c296084fb322d31bf5e3d13) Importer(815301076,1909f56bfc062723c751e8b465ee728b)
Start importing Assets/Art/Water.mat using Guid(e93f91097c296084fb322d31bf5e3d13) Importer(815301076,1909f56bfc062723c751e8b465ee728b)  -> (artifact id: '7531e669b5d579476df8b6c19203f35c') in 0.201379 seconds 
========================================================================
Received Import Request.
  Time since last request: 0.000029 seconds.
  path: Assets/Art/WaterGraph.shadergraph
  artifactKey: Guid(8c1bc723883bd44488077374ec7fee2a) Importer(815301076,1909f56bfc062723c751e8b465ee728b)
Start importing Assets/Art/WaterGraph.shadergraph using Guid(8c1bc723883bd44488077374ec7fee2a) Importer(815301076,1909f56bfc062723c751e8b465ee728b)  -> (artifact id: '27380afa83ec05eef18c7ad6f1517d0e') in 0.002172 seconds 
========================================================================
Received Prepare
Registering precompiled user dll's ...
Registered in 0.004772 seconds.
Begin MonoManager ReloadAssembly
Symbol file LoadedFromMemory doesn't match image D:\Github\WormsAssignment\WormsAssignmentGame\Library\PackageCache\com.unity.visualscripting@1.7.8\Editor\VisualScripting.Core\Dependencies\YamlDotNet\Unity.VisualScripting.YamlDotNet.dll
Symbol file LoadedFromMemory doesn't match image D:\Github\WormsAssignment\WormsAssignmentGame\Library\PackageCache\com.unity.visualscripting@1.7.8\Editor\VisualScripting.Core\Dependencies\DotNetZip\Unity.VisualScripting.IonicZip.dll
Native extension for WindowsStandalone target not found
Refreshing native plugins compatible for Editor in 0.83 ms, found 3 plugins.
Preloading 0 native plugins for Editor in 0.00 ms.
Mono: successfully reloaded assembly
- Completed reload, in  1.137 seconds
Domain Reload Profiling:
	ReloadAssembly (1137ms)
		BeginReloadAssembly (129ms)
			ExecutionOrderSort (0ms)
			DisableScriptedObjects (6ms)
			BackupInstance (0ms)
			ReleaseScriptingObjects (0ms)
			CreateAndSetChildDomain (38ms)
		EndReloadAssembly (925ms)
			LoadAssemblies (82ms)
			RebuildTransferFunctionScriptingTraits (0ms)
			SetupTypeCache (313ms)
			ReleaseScriptCaches (2ms)
			RebuildScriptCaches (50ms)
			SetupLoadedEditorAssemblies (403ms)
				LogAssemblyErrors (0ms)
				InitializePlatformSupportModulesInManaged (11ms)
				SetLoadedEditorAssemblies (0ms)
				RefreshPlugins (1ms)
				BeforeProcessingInitializeOnLoad (78ms)
				ProcessInitializeOnLoadAttributes (235ms)
				ProcessInitializeOnLoadMethodAttributes (71ms)
				AfterProcessingInitializeOnLoad (7ms)
				EditorAssembliesLoaded (0ms)
			ExecutionOrderSort2 (0ms)
			AwakeInstancesAfterBackupRestoration (10ms)
Platform modules already initialized, skipping
Refreshing native plugins compatible for Editor in 2.13 ms, found 3 plugins.
Preloading 0 native plugins for Editor in 0.00 ms.
Unloading 5558 Unused Serialized files (Serialized files now loaded: 0)
Unloading 30 unused Assets / (0.8 MB). Loaded Objects now: 6264.
Memory consumption went from 222.3 MB to 221.6 MB.
Total: 4.923600 ms (FindLiveObjects: 0.648300 ms CreateObjectMapping: 0.531800 ms MarkObjects: 3.366000 ms  DeleteObjects: 0.376500 ms)

AssetImportParameters requested are different than current active one (requested -> active):
  custom:video-decoder-ogg-theora: a1e56fd34408186e4bbccfd4996cb3dc -> 
  custom:container-muxer-webm: aa71ff27fc2769a1b78a27578f13a17b -> 
  custom:container-demuxer-webm: 4f35f7cbe854078d1ac9338744f61a02 -> 
  custom:video-encoder-webm-vp8: eb34c28f22e8b96e1ab97ce403110664 -> 
  custom:audio-encoder-webm-vorbis: bf7c407c2cedff20999df2af8eb42d56 -> 
  custom:framework-win-MediaFoundation: 216162199b28c13a410421893ffa2e32 -> 
  custom:container-demuxer-ogg: 62fdf1f143b41e24485cea50d1cbac27 -> 
  custom:video-decoder-webm-vp8: 9c59270c3fd7afecdb556c50c9e8de78 -> 
  custom:audio-decoder-ogg-vorbis: bf7c407c2cedff20999df2af8eb42d56 -> 
========================================================================
Received Prepare
Registering precompiled user dll's ...
Registered in 0.004959 seconds.
Begin MonoManager ReloadAssembly
Symbol file LoadedFromMemory doesn't match image D:\Github\WormsAssignment\WormsAssignmentGame\Library\PackageCache\com.unity.visualscripting@1.7.8\Editor\VisualScripting.Core\Dependencies\YamlDotNet\Unity.VisualScripting.YamlDotNet.dll
Symbol file LoadedFromMemory doesn't match image D:\Github\WormsAssignment\WormsAssignmentGame\Library\PackageCache\com.unity.visualscripting@1.7.8\Editor\VisualScripting.Core\Dependencies\DotNetZip\Unity.VisualScripting.IonicZip.dll
Native extension for WindowsStandalone target not found
Refreshing native plugins compatible for Editor in 1.01 ms, found 3 plugins.
Preloading 0 native plugins for Editor in 0.00 ms.
Mono: successfully reloaded assembly
- Completed reload, in  1.147 seconds
Domain Reload Profiling:
	ReloadAssembly (1148ms)
		BeginReloadAssembly (124ms)
			ExecutionOrderSort (0ms)
			DisableScriptedObjects (5ms)
			BackupInstance (0ms)
			ReleaseScriptingObjects (0ms)
			CreateAndSetChildDomain (35ms)
		EndReloadAssembly (940ms)
			LoadAssemblies (80ms)
			RebuildTransferFunctionScriptingTraits (0ms)
			SetupTypeCache (281ms)
			ReleaseScriptCaches (2ms)
			RebuildScriptCaches (50ms)
			SetupLoadedEditorAssemblies (461ms)
				LogAssemblyErrors (0ms)
				InitializePlatformSupportModulesInManaged (12ms)
				SetLoadedEditorAssemblies (0ms)
				RefreshPlugins (1ms)
				BeforeProcessingInitializeOnLoad (84ms)
				ProcessInitializeOnLoadAttributes (272ms)
				ProcessInitializeOnLoadMethodAttributes (84ms)
				AfterProcessingInitializeOnLoad (9ms)
				EditorAssembliesLoaded (0ms)
			ExecutionOrderSort2 (0ms)
			AwakeInstancesAfterBackupRestoration (12ms)
Platform modules already initialized, skipping
Refreshing native plugins compatible for Editor in 1.98 ms, found 3 plugins.
Preloading 0 native plugins for Editor in 0.00 ms.
Unloading 5559 Unused Serialized files (Serialized files now loaded: 0)
Unloading 30 unused Assets / (0.8 MB). Loaded Objects now: 6279.
Memory consumption went from 222.6 MB to 221.8 MB.
Total: 5.543500 ms (FindLiveObjects: 0.468400 ms CreateObjectMapping: 0.519700 ms MarkObjects: 4.015400 ms  DeleteObjects: 0.539000 ms)

AssetImportParameters requested are different than current active one (requested -> active):
  custom:video-decoder-ogg-theora: a1e56fd34408186e4bbccfd4996cb3dc -> 
  custom:container-muxer-webm: aa71ff27fc2769a1b78a27578f13a17b -> 
  custom:container-demuxer-webm: 4f35f7cbe854078d1ac9338744f61a02 -> 
  custom:video-encoder-webm-vp8: eb34c28f22e8b96e1ab97ce403110664 -> 
  custom:audio-encoder-webm-vorbis: bf7c407c2cedff20999df2af8eb42d56 -> 
  custom:framework-win-MediaFoundation: 216162199b28c13a410421893ffa2e32 -> 
  custom:container-demuxer-ogg: 62fdf1f143b41e24485cea50d1cbac27 -> 
  custom:video-decoder-webm-vp8: 9c59270c3fd7afecdb556c50c9e8de78 -> 
  custom:audio-decoder-ogg-vorbis: bf7c407c2cedff20999df2af8eb42d56 -> 
========================================================================
Received Prepare
Registering precompiled user dll's ...
Registered in 0.005241 seconds.
Begin MonoManager ReloadAssembly
Symbol file LoadedFromMemory doesn't match image D:\Github\WormsAssignment\WormsAssignmentGame\Library\PackageCache\com.unity.visualscripting@1.7.8\Editor\VisualScripting.Core\Dependencies\YamlDotNet\Unity.VisualScripting.YamlDotNet.dll
Symbol file LoadedFromMemory doesn't match image D:\Github\WormsAssignment\WormsAssignmentGame\Library\PackageCache\com.unity.visualscripting@1.7.8\Editor\VisualScripting.Core\Dependencies\DotNetZip\Unity.VisualScripting.IonicZip.dll
Native extension for WindowsStandalone target not found
Refreshing native plugins compatible for Editor in 0.86 ms, found 3 plugins.
Preloading 0 native plugins for Editor in 0.00 ms.
Mono: successfully reloaded assembly
- Completed reload, in  1.225 seconds
Domain Reload Profiling:
	ReloadAssembly (1226ms)
		BeginReloadAssembly (146ms)
			ExecutionOrderSort (0ms)
			DisableScriptedObjects (5ms)
			BackupInstance (0ms)
			ReleaseScriptingObjects (0ms)
			CreateAndSetChildDomain (55ms)
		EndReloadAssembly (971ms)
			LoadAssemblies (81ms)
			RebuildTransferFunctionScriptingTraits (0ms)
			SetupTypeCache (307ms)
			ReleaseScriptCaches (2ms)
			RebuildScriptCaches (55ms)
			SetupLoadedEditorAssemblies (462ms)
				LogAssemblyErrors (0ms)
				InitializePlatformSupportModulesInManaged (11ms)
				SetLoadedEditorAssemblies (0ms)
				RefreshPlugins (1ms)
				BeforeProcessingInitializeOnLoad (91ms)
				ProcessInitializeOnLoadAttributes (268ms)
				ProcessInitializeOnLoadMethodAttributes (82ms)
				AfterProcessingInitializeOnLoad (8ms)
				EditorAssembliesLoaded (0ms)
			ExecutionOrderSort2 (0ms)
			AwakeInstancesAfterBackupRestoration (11ms)
Platform modules already initialized, skipping
Refreshing native plugins compatible for Editor in 1.95 ms, found 3 plugins.
Preloading 0 native plugins for Editor in 0.00 ms.
Unloading 5559 Unused Serialized files (Serialized files now loaded: 0)
Unloading 30 unused Assets / (0.8 MB). Loaded Objects now: 6294.
Memory consumption went from 222.5 MB to 221.8 MB.
Total: 3.434000 ms (FindLiveObjects: 0.385600 ms CreateObjectMapping: 0.295900 ms MarkObjects: 2.381100 ms  DeleteObjects: 0.370700 ms)

AssetImportParameters requested are different than current active one (requested -> active):
  custom:video-decoder-ogg-theora: a1e56fd34408186e4bbccfd4996cb3dc -> 
  custom:container-muxer-webm: aa71ff27fc2769a1b78a27578f13a17b -> 
  custom:container-demuxer-webm: 4f35f7cbe854078d1ac9338744f61a02 -> 
  custom:video-encoder-webm-vp8: eb34c28f22e8b96e1ab97ce403110664 -> 
  custom:audio-encoder-webm-vorbis: bf7c407c2cedff20999df2af8eb42d56 -> 
  custom:framework-win-MediaFoundation: 216162199b28c13a410421893ffa2e32 -> 
  custom:container-demuxer-ogg: 62fdf1f143b41e24485cea50d1cbac27 -> 
  custom:video-decoder-webm-vp8: 9c59270c3fd7afecdb556c50c9e8de78 -> 
  custom:audio-decoder-ogg-vorbis: bf7c407c2cedff20999df2af8eb42d56 -> 
========================================================================
Received Import Request.
  Time since last request: 1868.788279 seconds.
  path: Assets/Resources/assassin.prefab
  artifactKey: Guid(8f45009364896804180df82ed686f8ed) Importer(815301076,1909f56bfc062723c751e8b465ee728b)
Start importing Assets/Resources/assassin.prefab using Guid(8f45009364896804180df82ed686f8ed) Importer(815301076,1909f56bfc062723c751e8b465ee728b)  -> (artifact id: 'd9ea79989b6f0f768cc9157ba2bf4f16') in 0.240268 seconds 
========================================================================
Received Import Request.
  Time since last request: 0.000027 seconds.
  path: Assets/Resources/sniper.prefab
  artifactKey: Guid(bddc91e76d6acf44d999c3f2a513ae00) Importer(815301076,1909f56bfc062723c751e8b465ee728b)
Start importing Assets/Resources/sniper.prefab using Guid(bddc91e76d6acf44d999c3f2a513ae00) Importer(815301076,1909f56bfc062723c751e8b465ee728b)  -> (artifact id: 'f883188a19624860b813147188a8c726') in 0.038655 seconds 
========================================================================
Received Import Request.
  Time since last request: 0.000029 seconds.
  path: Assets/Resources/bomber.prefab
  artifactKey: Guid(7c2454e42a343024cae4adbf2ae179c1) Importer(815301076,1909f56bfc062723c751e8b465ee728b)
Start importing Assets/Resources/bomber.prefab using Guid(7c2454e42a343024cae4adbf2ae179c1) Importer(815301076,1909f56bfc062723c751e8b465ee728b)  -> (artifact id: '385f9b57973b07d56b79819f6bac0873') in 0.038446 seconds 
========================================================================
Received Import Request.
  Time since last request: 0.000027 seconds.
  path: Assets/Resources/gunner.prefab
  artifactKey: Guid(ef3abdba3dc24424cbe6fc68c2312bd3) Importer(815301076,1909f56bfc062723c751e8b465ee728b)
Start importing Assets/Resources/gunner.prefab using Guid(ef3abdba3dc24424cbe6fc68c2312bd3) Importer(815301076,1909f56bfc062723c751e8b465ee728b)  -> (artifact id: 'eb3696ed23ca8da297f6defe0100e086') in 0.039683 seconds 
========================================================================
Received Import Request.
  Time since last request: 45.652880 seconds.
  path: Assets/Resources/assassin.prefab
  artifactKey: Guid(8f45009364896804180df82ed686f8ed) Importer(815301076,1909f56bfc062723c751e8b465ee728b)
Start importing Assets/Resources/assassin.prefab using Guid(8f45009364896804180df82ed686f8ed) Importer(815301076,1909f56bfc062723c751e8b465ee728b)  -> (artifact id: '60ebd4aff8a053537683324364f40d80') in 0.035998 seconds 
========================================================================
Received Import Request.
  Time since last request: 0.000040 seconds.
  path: Assets/Resources/sniper.prefab
  artifactKey: Guid(bddc91e76d6acf44d999c3f2a513ae00) Importer(815301076,1909f56bfc062723c751e8b465ee728b)
Start importing Assets/Resources/sniper.prefab using Guid(bddc91e76d6acf44d999c3f2a513ae00) Importer(815301076,1909f56bfc062723c751e8b465ee728b)  -> (artifact id: '871a015c68d7081fdaf5f9544a3449b9') in 0.038842 seconds 
========================================================================
Received Import Request.
  Time since last request: 0.000027 seconds.
  path: Assets/Resources/bomber.prefab
  artifactKey: Guid(7c2454e42a343024cae4adbf2ae179c1) Importer(815301076,1909f56bfc062723c751e8b465ee728b)
Start importing Assets/Resources/bomber.prefab using Guid(7c2454e42a343024cae4adbf2ae179c1) Importer(815301076,1909f56bfc062723c751e8b465ee728b)  -> (artifact id: 'b6bf3d1420aeba6e4377a5733b512fae') in 0.039979 seconds 
========================================================================
Received Import Request.
  Time since last request: 0.000026 seconds.
  path: Assets/Resources/gunner.prefab
  artifactKey: Guid(ef3abdba3dc24424cbe6fc68c2312bd3) Importer(815301076,1909f56bfc062723c751e8b465ee728b)
Start importing Assets/Resources/gunner.prefab using Guid(ef3abdba3dc24424cbe6fc68c2312bd3) Importer(815301076,1909f56bfc062723c751e8b465ee728b)  -> (artifact id: 'fcc5f5b0c00d0613575e4806104f4fcb') in 0.028764 seconds 
========================================================================
Received Prepare
Registering precompiled user dll's ...
Registered in 0.005661 seconds.
Begin MonoManager ReloadAssembly
Symbol file LoadedFromMemory doesn't match image D:\Github\WormsAssignment\WormsAssignmentGame\Library\PackageCache\com.unity.visualscripting@1.7.8\Editor\VisualScripting.Core\Dependencies\YamlDotNet\Unity.VisualScripting.YamlDotNet.dll
Symbol file LoadedFromMemory doesn't match image D:\Github\WormsAssignment\WormsAssignmentGame\Library\PackageCache\com.unity.visualscripting@1.7.8\Editor\VisualScripting.Core\Dependencies\DotNetZip\Unity.VisualScripting.IonicZip.dll
Native extension for WindowsStandalone target not found
Refreshing native plugins compatible for Editor in 0.86 ms, found 3 plugins.
Preloading 0 native plugins for Editor in 0.00 ms.
Mono: successfully reloaded assembly
- Completed reload, in  1.117 seconds
Domain Reload Profiling:
	ReloadAssembly (1118ms)
		BeginReloadAssembly (132ms)
			ExecutionOrderSort (0ms)
			DisableScriptedObjects (6ms)
			BackupInstance (0ms)
			ReleaseScriptingObjects (0ms)
			CreateAndSetChildDomain (39ms)
		EndReloadAssembly (902ms)
			LoadAssemblies (83ms)
			RebuildTransferFunctionScriptingTraits (0ms)
			SetupTypeCache (282ms)
			ReleaseScriptCaches (2ms)
			RebuildScriptCaches (60ms)
			SetupLoadedEditorAssemblies (404ms)
				LogAssemblyErrors (0ms)
				InitializePlatformSupportModulesInManaged (12ms)
				SetLoadedEditorAssemblies (0ms)
				RefreshPlugins (1ms)
				BeforeProcessingInitializeOnLoad (82ms)
				ProcessInitializeOnLoadAttributes (233ms)
				ProcessInitializeOnLoadMethodAttributes (69ms)
				AfterProcessingInitializeOnLoad (7ms)
				EditorAssembliesLoaded (0ms)
			ExecutionOrderSort2 (0ms)
			AwakeInstancesAfterBackupRestoration (10ms)
Platform modules already initialized, skipping
Refreshing native plugins compatible for Editor in 1.80 ms, found 3 plugins.
Preloading 0 native plugins for Editor in 0.00 ms.
Unloading 5558 Unused Serialized files (Serialized files now loaded: 0)
Unloading 34 unused Assets / (0.8 MB). Loaded Objects now: 6352.
Memory consumption went from 222.8 MB to 222.0 MB.
Total: 3.511400 ms (FindLiveObjects: 0.450000 ms CreateObjectMapping: 0.306100 ms MarkObjects: 2.402200 ms  DeleteObjects: 0.352400 ms)

AssetImportParameters requested are different than current active one (requested -> active):
  custom:video-decoder-ogg-theora: a1e56fd34408186e4bbccfd4996cb3dc -> 
  custom:container-muxer-webm: aa71ff27fc2769a1b78a27578f13a17b -> 
  custom:container-demuxer-webm: 4f35f7cbe854078d1ac9338744f61a02 -> 
  custom:video-encoder-webm-vp8: eb34c28f22e8b96e1ab97ce403110664 -> 
  custom:audio-encoder-webm-vorbis: bf7c407c2cedff20999df2af8eb42d56 -> 
  custom:framework-win-MediaFoundation: 216162199b28c13a410421893ffa2e32 -> 
  custom:container-demuxer-ogg: 62fdf1f143b41e24485cea50d1cbac27 -> 
  custom:video-decoder-webm-vp8: 9c59270c3fd7afecdb556c50c9e8de78 -> 
  custom:audio-decoder-ogg-vorbis: bf7c407c2cedff20999df2af8eb42d56 -> 
========================================================================
Received Prepare
Registering precompiled user dll's ...
Registered in 0.004680 seconds.
Begin MonoManager ReloadAssembly
Symbol file LoadedFromMemory doesn't match image D:\Github\WormsAssignment\WormsAssignmentGame\Library\PackageCache\com.unity.visualscripting@1.7.8\Editor\VisualScripting.Core\Dependencies\YamlDotNet\Unity.VisualScripting.YamlDotNet.dll
Symbol file LoadedFromMemory doesn't match image D:\Github\WormsAssignment\WormsAssignmentGame\Library\PackageCache\com.unity.visualscripting@1.7.8\Editor\VisualScripting.Core\Dependencies\DotNetZip\Unity.VisualScripting.IonicZip.dll
Native extension for WindowsStandalone target not found
Refreshing native plugins compatible for Editor in 0.93 ms, found 3 plugins.
Preloading 0 native plugins for Editor in 0.00 ms.
Mono: successfully reloaded assembly
- Completed reload, in  1.167 seconds
Domain Reload Profiling:
	ReloadAssembly (1167ms)
		BeginReloadAssembly (127ms)
			ExecutionOrderSort (0ms)
			DisableScriptedObjects (5ms)
			BackupInstance (0ms)
			ReleaseScriptingObjects (0ms)
			CreateAndSetChildDomain (35ms)
		EndReloadAssembly (954ms)
			LoadAssemblies (82ms)
			RebuildTransferFunctionScriptingTraits (0ms)
			SetupTypeCache (280ms)
			ReleaseScriptCaches (2ms)
			RebuildScriptCaches (51ms)
			SetupLoadedEditorAssemblies (467ms)
				LogAssemblyErrors (0ms)
				InitializePlatformSupportModulesInManaged (13ms)
				SetLoadedEditorAssemblies (0ms)
				RefreshPlugins (1ms)
				BeforeProcessingInitializeOnLoad (87ms)
				ProcessInitializeOnLoadAttributes (271ms)
				ProcessInitializeOnLoadMethodAttributes (86ms)
				AfterProcessingInitializeOnLoad (8ms)
				EditorAssembliesLoaded (0ms)
			ExecutionOrderSort2 (0ms)
			AwakeInstancesAfterBackupRestoration (12ms)
Platform modules already initialized, skipping
Refreshing native plugins compatible for Editor in 2.09 ms, found 3 plugins.
Preloading 0 native plugins for Editor in 0.00 ms.
Unloading 5559 Unused Serialized files (Serialized files now loaded: 0)
Unloading 30 unused Assets / (0.8 MB). Loaded Objects now: 6367.
Memory consumption went from 222.6 MB to 221.8 MB.
Total: 5.177100 ms (FindLiveObjects: 0.452500 ms CreateObjectMapping: 0.650600 ms MarkObjects: 3.693000 ms  DeleteObjects: 0.380000 ms)

AssetImportParameters requested are different than current active one (requested -> active):
  custom:video-decoder-ogg-theora: a1e56fd34408186e4bbccfd4996cb3dc -> 
  custom:container-muxer-webm: aa71ff27fc2769a1b78a27578f13a17b -> 
  custom:container-demuxer-webm: 4f35f7cbe854078d1ac9338744f61a02 -> 
  custom:video-encoder-webm-vp8: eb34c28f22e8b96e1ab97ce403110664 -> 
  custom:audio-encoder-webm-vorbis: bf7c407c2cedff20999df2af8eb42d56 -> 
  custom:framework-win-MediaFoundation: 216162199b28c13a410421893ffa2e32 -> 
  custom:container-demuxer-ogg: 62fdf1f143b41e24485cea50d1cbac27 -> 
  custom:video-decoder-webm-vp8: 9c59270c3fd7afecdb556c50c9e8de78 -> 
  custom:audio-decoder-ogg-vorbis: bf7c407c2cedff20999df2af8eb42d56 -> 
========================================================================
Received Prepare
Registering precompiled user dll's ...
Registered in 0.004956 seconds.
Begin MonoManager ReloadAssembly
Symbol file LoadedFromMemory doesn't match image D:\Github\WormsAssignment\WormsAssignmentGame\Library\PackageCache\com.unity.visualscripting@1.7.8\Editor\VisualScripting.Core\Dependencies\YamlDotNet\Unity.VisualScripting.YamlDotNet.dll
Symbol file LoadedFromMemory doesn't match image D:\Github\WormsAssignment\WormsAssignmentGame\Library\PackageCache\com.unity.visualscripting@1.7.8\Editor\VisualScripting.Core\Dependencies\DotNetZip\Unity.VisualScripting.IonicZip.dll
Native extension for WindowsStandalone target not found
Refreshing native plugins compatible for Editor in 0.86 ms, found 3 plugins.
Preloading 0 native plugins for Editor in 0.00 ms.
Mono: successfully reloaded assembly
- Completed reload, in  1.196 seconds
Domain Reload Profiling:
	ReloadAssembly (1196ms)
		BeginReloadAssembly (129ms)
			ExecutionOrderSort (0ms)
			DisableScriptedObjects (5ms)
			BackupInstance (0ms)
			ReleaseScriptingObjects (0ms)
			CreateAndSetChildDomain (36ms)
		EndReloadAssembly (980ms)
			LoadAssemblies (84ms)
			RebuildTransferFunctionScriptingTraits (0ms)
			SetupTypeCache (294ms)
			ReleaseScriptCaches (2ms)
			RebuildScriptCaches (59ms)
			SetupLoadedEditorAssemblies (464ms)
				LogAssemblyErrors (0ms)
				InitializePlatformSupportModulesInManaged (12ms)
				SetLoadedEditorAssemblies (0ms)
				RefreshPlugins (1ms)
				BeforeProcessingInitializeOnLoad (92ms)
				ProcessInitializeOnLoadAttributes (268ms)
				ProcessInitializeOnLoadMethodAttributes (82ms)
				AfterProcessingInitializeOnLoad (9ms)
				EditorAssembliesLoaded (0ms)
			ExecutionOrderSort2 (0ms)
			AwakeInstancesAfterBackupRestoration (13ms)
Platform modules already initialized, skipping
Refreshing native plugins compatible for Editor in 2.14 ms, found 3 plugins.
Preloading 0 native plugins for Editor in 0.00 ms.
Unloading 5559 Unused Serialized files (Serialized files now loaded: 0)
Unloading 30 unused Assets / (0.8 MB). Loaded Objects now: 6382.
Memory consumption went from 222.7 MB to 221.9 MB.
Total: 3.814000 ms (FindLiveObjects: 0.475700 ms CreateObjectMapping: 0.383400 ms MarkObjects: 2.595100 ms  DeleteObjects: 0.358700 ms)

AssetImportParameters requested are different than current active one (requested -> active):
  custom:video-decoder-ogg-theora: a1e56fd34408186e4bbccfd4996cb3dc -> 
  custom:container-muxer-webm: aa71ff27fc2769a1b78a27578f13a17b -> 
  custom:container-demuxer-webm: 4f35f7cbe854078d1ac9338744f61a02 -> 
  custom:video-encoder-webm-vp8: eb34c28f22e8b96e1ab97ce403110664 -> 
  custom:audio-encoder-webm-vorbis: bf7c407c2cedff20999df2af8eb42d56 -> 
  custom:framework-win-MediaFoundation: 216162199b28c13a410421893ffa2e32 -> 
  custom:container-demuxer-ogg: 62fdf1f143b41e24485cea50d1cbac27 -> 
  custom:video-decoder-webm-vp8: 9c59270c3fd7afecdb556c50c9e8de78 -> 
  custom:audio-decoder-ogg-vorbis: bf7c407c2cedff20999df2af8eb42d56 -> 
========================================================================
Received Prepare
Registering precompiled user dll's ...
Registered in 0.004688 seconds.
Begin MonoManager ReloadAssembly
Symbol file LoadedFromMemory doesn't match image D:\Github\WormsAssignment\WormsAssignmentGame\Library\PackageCache\com.unity.visualscripting@1.7.8\Editor\VisualScripting.Core\Dependencies\YamlDotNet\Unity.VisualScripting.YamlDotNet.dll
Symbol file LoadedFromMemory doesn't match image D:\Github\WormsAssignment\WormsAssignmentGame\Library\PackageCache\com.unity.visualscripting@1.7.8\Editor\VisualScripting.Core\Dependencies\DotNetZip\Unity.VisualScripting.IonicZip.dll
Native extension for WindowsStandalone target not found
Refreshing native plugins compatible for Editor in 0.91 ms, found 3 plugins.
Preloading 0 native plugins for Editor in 0.00 ms.
Mono: successfully reloaded assembly
- Completed reload, in  1.241 seconds
Domain Reload Profiling:
	ReloadAssembly (1242ms)
		BeginReloadAssembly (122ms)
			ExecutionOrderSort (0ms)
			DisableScriptedObjects (4ms)
			BackupInstance (0ms)
			ReleaseScriptingObjects (0ms)
			CreateAndSetChildDomain (33ms)
		EndReloadAssembly (1029ms)
			LoadAssemblies (90ms)
			RebuildTransferFunctionScriptingTraits (0ms)
			SetupTypeCache (310ms)
			ReleaseScriptCaches (2ms)
			RebuildScriptCaches (58ms)
			SetupLoadedEditorAssemblies (491ms)
				LogAssemblyErrors (0ms)
				InitializePlatformSupportModulesInManaged (13ms)
				SetLoadedEditorAssemblies (1ms)
				RefreshPlugins (1ms)
				BeforeProcessingInitializeOnLoad (90ms)
				ProcessInitializeOnLoadAttributes (283ms)
				ProcessInitializeOnLoadMethodAttributes (94ms)
				AfterProcessingInitializeOnLoad (9ms)
				EditorAssembliesLoaded (0ms)
			ExecutionOrderSort2 (0ms)
			AwakeInstancesAfterBackupRestoration (13ms)
Platform modules already initialized, skipping
Refreshing native plugins compatible for Editor in 2.24 ms, found 3 plugins.
Preloading 0 native plugins for Editor in 0.00 ms.
Unloading 5559 Unused Serialized files (Serialized files now loaded: 0)
Unloading 30 unused Assets / (0.8 MB). Loaded Objects now: 6397.
Memory consumption went from 222.7 MB to 221.9 MB.
Total: 4.182400 ms (FindLiveObjects: 0.475000 ms CreateObjectMapping: 0.404000 ms MarkObjects: 2.802200 ms  DeleteObjects: 0.500300 ms)

AssetImportParameters requested are different than current active one (requested -> active):
  custom:video-decoder-ogg-theora: a1e56fd34408186e4bbccfd4996cb3dc -> 
  custom:container-muxer-webm: aa71ff27fc2769a1b78a27578f13a17b -> 
  custom:container-demuxer-webm: 4f35f7cbe854078d1ac9338744f61a02 -> 
  custom:video-encoder-webm-vp8: eb34c28f22e8b96e1ab97ce403110664 -> 
  custom:audio-encoder-webm-vorbis: bf7c407c2cedff20999df2af8eb42d56 -> 
  custom:framework-win-MediaFoundation: 216162199b28c13a410421893ffa2e32 -> 
  custom:container-demuxer-ogg: 62fdf1f143b41e24485cea50d1cbac27 -> 
  custom:video-decoder-webm-vp8: 9c59270c3fd7afecdb556c50c9e8de78 -> 
  custom:audio-decoder-ogg-vorbis: bf7c407c2cedff20999df2af8eb42d56 -> 
========================================================================
Received Prepare
Registering precompiled user dll's ...
Registered in 0.004700 seconds.
Begin MonoManager ReloadAssembly
Symbol file LoadedFromMemory doesn't match image D:\Github\WormsAssignment\WormsAssignmentGame\Library\PackageCache\com.unity.visualscripting@1.7.8\Editor\VisualScripting.Core\Dependencies\YamlDotNet\Unity.VisualScripting.YamlDotNet.dll
Symbol file LoadedFromMemory doesn't match image D:\Github\WormsAssignment\WormsAssignmentGame\Library\PackageCache\com.unity.visualscripting@1.7.8\Editor\VisualScripting.Core\Dependencies\DotNetZip\Unity.VisualScripting.IonicZip.dll
Native extension for WindowsStandalone target not found
Refreshing native plugins compatible for Editor in 0.82 ms, found 3 plugins.
Preloading 0 native plugins for Editor in 0.00 ms.
Mono: successfully reloaded assembly
- Completed reload, in  1.153 seconds
Domain Reload Profiling:
	ReloadAssembly (1154ms)
		BeginReloadAssembly (132ms)
			ExecutionOrderSort (0ms)
			DisableScriptedObjects (5ms)
			BackupInstance (0ms)
			ReleaseScriptingObjects (0ms)
			CreateAndSetChildDomain (39ms)
		EndReloadAssembly (935ms)
			LoadAssemblies (87ms)
			RebuildTransferFunctionScriptingTraits (0ms)
			SetupTypeCache (313ms)
			ReleaseScriptCaches (2ms)
			RebuildScriptCaches (70ms)
			SetupLoadedEditorAssemblies (399ms)
				LogAssemblyErrors (0ms)
				InitializePlatformSupportModulesInManaged (11ms)
				SetLoadedEditorAssemblies (0ms)
				RefreshPlugins (1ms)
				BeforeProcessingInitializeOnLoad (81ms)
				ProcessInitializeOnLoadAttributes (230ms)
				ProcessInitializeOnLoadMethodAttributes (68ms)
				AfterProcessingInitializeOnLoad (7ms)
				EditorAssembliesLoaded (0ms)
			ExecutionOrderSort2 (0ms)
			AwakeInstancesAfterBackupRestoration (10ms)
Platform modules already initialized, skipping
Refreshing native plugins compatible for Editor in 1.72 ms, found 3 plugins.
Preloading 0 native plugins for Editor in 0.00 ms.
Unloading 5559 Unused Serialized files (Serialized files now loaded: 0)
Unloading 30 unused Assets / (0.8 MB). Loaded Objects now: 6412.
Memory consumption went from 222.9 MB to 222.1 MB.
Total: 4.113800 ms (FindLiveObjects: 0.411200 ms CreateObjectMapping: 0.363400 ms MarkObjects: 3.031100 ms  DeleteObjects: 0.307000 ms)

AssetImportParameters requested are different than current active one (requested -> active):
  custom:video-decoder-ogg-theora: a1e56fd34408186e4bbccfd4996cb3dc -> 
  custom:container-muxer-webm: aa71ff27fc2769a1b78a27578f13a17b -> 
  custom:container-demuxer-webm: 4f35f7cbe854078d1ac9338744f61a02 -> 
  custom:video-encoder-webm-vp8: eb34c28f22e8b96e1ab97ce403110664 -> 
  custom:audio-encoder-webm-vorbis: bf7c407c2cedff20999df2af8eb42d56 -> 
  custom:framework-win-MediaFoundation: 216162199b28c13a410421893ffa2e32 -> 
  custom:container-demuxer-ogg: 62fdf1f143b41e24485cea50d1cbac27 -> 
  custom:video-decoder-webm-vp8: 9c59270c3fd7afecdb556c50c9e8de78 -> 
  custom:audio-decoder-ogg-vorbis: bf7c407c2cedff20999df2af8eb42d56 -> 
========================================================================
Received Prepare
Registering precompiled user dll's ...
Registered in 0.004668 seconds.
Begin MonoManager ReloadAssembly
Symbol file LoadedFromMemory doesn't match image D:\Github\WormsAssignment\WormsAssignmentGame\Library\PackageCache\com.unity.visualscripting@1.7.8\Editor\VisualScripting.Core\Dependencies\YamlDotNet\Unity.VisualScripting.YamlDotNet.dll
Symbol file LoadedFromMemory doesn't match image D:\Github\WormsAssignment\WormsAssignmentGame\Library\PackageCache\com.unity.visualscripting@1.7.8\Editor\VisualScripting.Core\Dependencies\DotNetZip\Unity.VisualScripting.IonicZip.dll
Native extension for WindowsStandalone target not found
Refreshing native plugins compatible for Editor in 0.92 ms, found 3 plugins.
Preloading 0 native plugins for Editor in 0.00 ms.
Mono: successfully reloaded assembly
- Completed reload, in  1.135 seconds
Domain Reload Profiling:
	ReloadAssembly (1135ms)
		BeginReloadAssembly (125ms)
			ExecutionOrderSort (0ms)
			DisableScriptedObjects (5ms)
			BackupInstance (0ms)
			ReleaseScriptingObjects (0ms)
			CreateAndSetChildDomain (35ms)
		EndReloadAssembly (924ms)
			LoadAssemblies (83ms)
			RebuildTransferFunctionScriptingTraits (0ms)
			SetupTypeCache (282ms)
			ReleaseScriptCaches (2ms)
			RebuildScriptCaches (52ms)
			SetupLoadedEditorAssemblies (432ms)
				LogAssemblyErrors (0ms)
				InitializePlatformSupportModulesInManaged (13ms)
				SetLoadedEditorAssemblies (0ms)
				RefreshPlugins (1ms)
				BeforeProcessingInitializeOnLoad (81ms)
				ProcessInitializeOnLoadAttributes (240ms)
				ProcessInitializeOnLoadMethodAttributes (87ms)
				AfterProcessingInitializeOnLoad (9ms)
				EditorAssembliesLoaded (0ms)
			ExecutionOrderSort2 (0ms)
			AwakeInstancesAfterBackupRestoration (13ms)
Platform modules already initialized, skipping
Refreshing native plugins compatible for Editor in 2.21 ms, found 3 plugins.
Preloading 0 native plugins for Editor in 0.00 ms.
Unloading 5559 Unused Serialized files (Serialized files now loaded: 0)
Unloading 30 unused Assets / (0.8 MB). Loaded Objects now: 6427.
Memory consumption went from 222.9 MB to 222.1 MB.
Total: 4.825000 ms (FindLiveObjects: 0.762200 ms CreateObjectMapping: 1.025800 ms MarkObjects: 2.602300 ms  DeleteObjects: 0.433200 ms)

AssetImportParameters requested are different than current active one (requested -> active):
  custom:video-decoder-ogg-theora: a1e56fd34408186e4bbccfd4996cb3dc -> 
  custom:container-muxer-webm: aa71ff27fc2769a1b78a27578f13a17b -> 
  custom:container-demuxer-webm: 4f35f7cbe854078d1ac9338744f61a02 -> 
  custom:video-encoder-webm-vp8: eb34c28f22e8b96e1ab97ce403110664 -> 
  custom:audio-encoder-webm-vorbis: bf7c407c2cedff20999df2af8eb42d56 -> 
  custom:framework-win-MediaFoundation: 216162199b28c13a410421893ffa2e32 -> 
  custom:container-demuxer-ogg: 62fdf1f143b41e24485cea50d1cbac27 -> 
  custom:video-decoder-webm-vp8: 9c59270c3fd7afecdb556c50c9e8de78 -> 
  custom:audio-decoder-ogg-vorbis: bf7c407c2cedff20999df2af8eb42d56 -> 
========================================================================
Received Import Request.
  Time since last request: 174.432378 seconds.
  path: Assets/Resources/assassin.prefab
  artifactKey: Guid(8f45009364896804180df82ed686f8ed) Importer(815301076,1909f56bfc062723c751e8b465ee728b)
Start importing Assets/Resources/assassin.prefab using Guid(8f45009364896804180df82ed686f8ed) Importer(815301076,1909f56bfc062723c751e8b465ee728b)  -> (artifact id: '563241e9506b49073183d358a3249cdb') in 0.232716 seconds 
========================================================================
Received Import Request.
  Time since last request: 0.000022 seconds.
  path: Assets/Resources/sniper.prefab
  artifactKey: Guid(bddc91e76d6acf44d999c3f2a513ae00) Importer(815301076,1909f56bfc062723c751e8b465ee728b)
Start importing Assets/Resources/sniper.prefab using Guid(bddc91e76d6acf44d999c3f2a513ae00) Importer(815301076,1909f56bfc062723c751e8b465ee728b)  -> (artifact id: 'cd73875bf1da00a58b9d91b6bb3c4672') in 0.025254 seconds 
========================================================================
Received Import Request.
  Time since last request: 0.000032 seconds.
  path: Assets/Resources/bomber.prefab
  artifactKey: Guid(7c2454e42a343024cae4adbf2ae179c1) Importer(815301076,1909f56bfc062723c751e8b465ee728b)
Start importing Assets/Resources/bomber.prefab using Guid(7c2454e42a343024cae4adbf2ae179c1) Importer(815301076,1909f56bfc062723c751e8b465ee728b)  -> (artifact id: '0897bc59c9bd0f8cf42aebb83dc16efd') in 0.029080 seconds 
========================================================================
Received Import Request.
  Time since last request: 0.000023 seconds.
  path: Assets/Resources/gunner.prefab
  artifactKey: Guid(ef3abdba3dc24424cbe6fc68c2312bd3) Importer(815301076,1909f56bfc062723c751e8b465ee728b)
Start importing Assets/Resources/gunner.prefab using Guid(ef3abdba3dc24424cbe6fc68c2312bd3) Importer(815301076,1909f56bfc062723c751e8b465ee728b)  -> (artifact id: '7c600fe54543f1e72a9cd819920d6b75') in 0.027512 seconds 
========================================================================
Received Import Request.
  Time since last request: 55.358234 seconds.
  path: Assets/Art/sniperScope.png
  artifactKey: Guid(f1d03673599265045aad1dc2b7440812) Importer(815301076,1909f56bfc062723c751e8b465ee728b)
Start importing Assets/Art/sniperScope.png using Guid(f1d03673599265045aad1dc2b7440812) Importer(815301076,1909f56bfc062723c751e8b465ee728b)  -> (artifact id: '4e3567a9002afd62307d95adc931486b') in 0.051932 seconds 
========================================================================
Received Import Request.
  Time since last request: 28.723129 seconds.
  path: Assets/Art/sniperScope.png
  artifactKey: Guid(f1d03673599265045aad1dc2b7440812) Importer(815301076,1909f56bfc062723c751e8b465ee728b)
Start importing Assets/Art/sniperScope.png using Guid(f1d03673599265045aad1dc2b7440812) Importer(815301076,1909f56bfc062723c751e8b465ee728b)  -> (artifact id: '396bd0f2cbc01230038ff7b96f2c2813') in 0.017810 seconds 
========================================================================
Received Import Request.
  Time since last request: 5.826198 seconds.
  path: Assets/Art/sniperScope.png
  artifactKey: Guid(f1d03673599265045aad1dc2b7440812) Importer(815301076,1909f56bfc062723c751e8b465ee728b)
Start importing Assets/Art/sniperScope.png using Guid(f1d03673599265045aad1dc2b7440812) Importer(815301076,1909f56bfc062723c751e8b465ee728b)  -> (artifact id: 'e5313efce50c175c05d2393ec277caf8') in 0.019837 seconds 
========================================================================
Received Import Request.
  Time since last request: 497.501826 seconds.
  path: Assets/Art/sniperScope.png
  artifactKey: Guid(f1d03673599265045aad1dc2b7440812) Importer(815301076,1909f56bfc062723c751e8b465ee728b)
Start importing Assets/Art/sniperScope.png using Guid(f1d03673599265045aad1dc2b7440812) Importer(815301076,1909f56bfc062723c751e8b465ee728b)  -> (artifact id: '2871ed9cf0d0805e39ce67214dc6c864') in 0.037586 seconds 
========================================================================
Received Import Request.
  Time since last request: 12.030134 seconds.
  path: Assets/Art/sniperScope.png
  artifactKey: Guid(f1d03673599265045aad1dc2b7440812) Importer(815301076,1909f56bfc062723c751e8b465ee728b)
Start importing Assets/Art/sniperScope.png using Guid(f1d03673599265045aad1dc2b7440812) Importer(815301076,1909f56bfc062723c751e8b465ee728b)  -> (artifact id: '6740e0674b3813aa678ad1220755526c') in 0.026353 seconds 
========================================================================
Received Import Request.
  Time since last request: 6.651239 seconds.
  path: Assets/Art/sniperScope.png
  artifactKey: Guid(f1d03673599265045aad1dc2b7440812) Importer(815301076,1909f56bfc062723c751e8b465ee728b)
Start importing Assets/Art/sniperScope.png using Guid(f1d03673599265045aad1dc2b7440812) Importer(815301076,1909f56bfc062723c751e8b465ee728b)  -> (artifact id: 'a56d871fdeaf550d3aeca0c3b582583e') in 0.025086 seconds 
========================================================================
Received Import Request.
  Time since last request: 27.750732 seconds.
  path: Assets/Art/sniperScope.png
  artifactKey: Guid(f1d03673599265045aad1dc2b7440812) Importer(815301076,1909f56bfc062723c751e8b465ee728b)
Start importing Assets/Art/sniperScope.png using Guid(f1d03673599265045aad1dc2b7440812) Importer(815301076,1909f56bfc062723c751e8b465ee728b)  -> (artifact id: '4df3d01a8792ed8aef23e22d3dbb8378') in 0.026248 seconds 
========================================================================
Received Import Request.
  Time since last request: 36.956290 seconds.
  path: Assets/Art/sniperScope.png
  artifactKey: Guid(f1d03673599265045aad1dc2b7440812) Importer(815301076,1909f56bfc062723c751e8b465ee728b)
Start importing Assets/Art/sniperScope.png using Guid(f1d03673599265045aad1dc2b7440812) Importer(815301076,1909f56bfc062723c751e8b465ee728b)  -> (artifact id: 'f30af0582a027a45a83e52b1a8d38763') in 0.113754 seconds 
========================================================================
Received Import Request.
  Time since last request: 3.977799 seconds.
  path: Assets/Art/sniperScope.png
  artifactKey: Guid(f1d03673599265045aad1dc2b7440812) Importer(815301076,1909f56bfc062723c751e8b465ee728b)
Start importing Assets/Art/sniperScope.png using Guid(f1d03673599265045aad1dc2b7440812) Importer(815301076,1909f56bfc062723c751e8b465ee728b)  -> (artifact id: '6a7080652de2ae3f8c54bae82079b15d') in 0.087758 seconds 
========================================================================
Received Prepare
Registering precompiled user dll's ...
Registered in 0.004911 seconds.
Begin MonoManager ReloadAssembly
Symbol file LoadedFromMemory doesn't match image D:\Github\WormsAssignment\WormsAssignmentGame\Library\PackageCache\com.unity.visualscripting@1.7.8\Editor\VisualScripting.Core\Dependencies\YamlDotNet\Unity.VisualScripting.YamlDotNet.dll
Symbol file LoadedFromMemory doesn't match image D:\Github\WormsAssignment\WormsAssignmentGame\Library\PackageCache\com.unity.visualscripting@1.7.8\Editor\VisualScripting.Core\Dependencies\DotNetZip\Unity.VisualScripting.IonicZip.dll
Native extension for WindowsStandalone target not found
Refreshing native plugins compatible for Editor in 0.85 ms, found 3 plugins.
Preloading 0 native plugins for Editor in 0.00 ms.
Mono: successfully reloaded assembly
- Completed reload, in  1.090 seconds
Domain Reload Profiling:
	ReloadAssembly (1091ms)
		BeginReloadAssembly (137ms)
			ExecutionOrderSort (0ms)
			DisableScriptedObjects (7ms)
			BackupInstance (0ms)
			ReleaseScriptingObjects (0ms)
			CreateAndSetChildDomain (44ms)
		EndReloadAssembly (869ms)
			LoadAssemblies (82ms)
			RebuildTransferFunctionScriptingTraits (0ms)
			SetupTypeCache (272ms)
			ReleaseScriptCaches (2ms)
			RebuildScriptCaches (51ms)
			SetupLoadedEditorAssemblies (401ms)
				LogAssemblyErrors (0ms)
				InitializePlatformSupportModulesInManaged (11ms)
				SetLoadedEditorAssemblies (0ms)
				RefreshPlugins (1ms)
				BeforeProcessingInitializeOnLoad (82ms)
				ProcessInitializeOnLoadAttributes (230ms)
				ProcessInitializeOnLoadMethodAttributes (68ms)
				AfterProcessingInitializeOnLoad (9ms)
				EditorAssembliesLoaded (0ms)
			ExecutionOrderSort2 (0ms)
			AwakeInstancesAfterBackupRestoration (16ms)
Platform modules already initialized, skipping
Refreshing native plugins compatible for Editor in 1.73 ms, found 3 plugins.
Preloading 0 native plugins for Editor in 0.00 ms.
Unloading 5558 Unused Serialized files (Serialized files now loaded: 0)
Unloading 34 unused Assets / (0.8 MB). Loaded Objects now: 6487.
Memory consumption went from 222.9 MB to 222.2 MB.
Total: 4.023600 ms (FindLiveObjects: 0.406700 ms CreateObjectMapping: 0.297600 ms MarkObjects: 2.971800 ms  DeleteObjects: 0.346800 ms)

AssetImportParameters requested are different than current active one (requested -> active):
  custom:video-decoder-ogg-theora: a1e56fd34408186e4bbccfd4996cb3dc -> 
  custom:container-muxer-webm: aa71ff27fc2769a1b78a27578f13a17b -> 
  custom:container-demuxer-webm: 4f35f7cbe854078d1ac9338744f61a02 -> 
  custom:video-encoder-webm-vp8: eb34c28f22e8b96e1ab97ce403110664 -> 
  custom:audio-encoder-webm-vorbis: bf7c407c2cedff20999df2af8eb42d56 -> 
  custom:framework-win-MediaFoundation: 216162199b28c13a410421893ffa2e32 -> 
  custom:container-demuxer-ogg: 62fdf1f143b41e24485cea50d1cbac27 -> 
  custom:video-decoder-webm-vp8: 9c59270c3fd7afecdb556c50c9e8de78 -> 
  custom:audio-decoder-ogg-vorbis: bf7c407c2cedff20999df2af8eb42d56 -> 
========================================================================
Received Prepare
Registering precompiled user dll's ...
Registered in 0.004848 seconds.
Begin MonoManager ReloadAssembly
Symbol file LoadedFromMemory doesn't match image D:\Github\WormsAssignment\WormsAssignmentGame\Library\PackageCache\com.unity.visualscripting@1.7.8\Editor\VisualScripting.Core\Dependencies\YamlDotNet\Unity.VisualScripting.YamlDotNet.dll
Symbol file LoadedFromMemory doesn't match image D:\Github\WormsAssignment\WormsAssignmentGame\Library\PackageCache\com.unity.visualscripting@1.7.8\Editor\VisualScripting.Core\Dependencies\DotNetZip\Unity.VisualScripting.IonicZip.dll
Native extension for WindowsStandalone target not found
Refreshing native plugins compatible for Editor in 0.94 ms, found 3 plugins.
Preloading 0 native plugins for Editor in 0.00 ms.
Mono: successfully reloaded assembly
- Completed reload, in  1.154 seconds
Domain Reload Profiling:
	ReloadAssembly (1155ms)
		BeginReloadAssembly (128ms)
			ExecutionOrderSort (0ms)
			DisableScriptedObjects (4ms)
			BackupInstance (0ms)
			ReleaseScriptingObjects (0ms)
			CreateAndSetChildDomain (38ms)
		EndReloadAssembly (937ms)
			LoadAssemblies (81ms)
			RebuildTransferFunctionScriptingTraits (0ms)
			SetupTypeCache (278ms)
			ReleaseScriptCaches (2ms)
			RebuildScriptCaches (53ms)
			SetupLoadedEditorAssemblies (452ms)
				LogAssemblyErrors (0ms)
				InitializePlatformSupportModulesInManaged (13ms)
				SetLoadedEditorAssemblies (0ms)
				RefreshPlugins (1ms)
				BeforeProcessingInitializeOnLoad (86ms)
				ProcessInitializeOnLoadAttributes (261ms)
				ProcessInitializeOnLoadMethodAttributes (83ms)
				AfterProcessingInitializeOnLoad (8ms)
				EditorAssembliesLoaded (0ms)
			ExecutionOrderSort2 (0ms)
			AwakeInstancesAfterBackupRestoration (12ms)
Platform modules already initialized, skipping
Refreshing native plugins compatible for Editor in 2.07 ms, found 3 plugins.
Preloading 0 native plugins for Editor in 0.00 ms.
Unloading 5559 Unused Serialized files (Serialized files now loaded: 0)
Unloading 30 unused Assets / (0.8 MB). Loaded Objects now: 6502.
Memory consumption went from 223.0 MB to 222.2 MB.
Total: 3.684500 ms (FindLiveObjects: 0.464700 ms CreateObjectMapping: 0.359700 ms MarkObjects: 2.478000 ms  DeleteObjects: 0.381100 ms)

AssetImportParameters requested are different than current active one (requested -> active):
  custom:video-decoder-ogg-theora: a1e56fd34408186e4bbccfd4996cb3dc -> 
  custom:container-muxer-webm: aa71ff27fc2769a1b78a27578f13a17b -> 
  custom:container-demuxer-webm: 4f35f7cbe854078d1ac9338744f61a02 -> 
  custom:video-encoder-webm-vp8: eb34c28f22e8b96e1ab97ce403110664 -> 
  custom:audio-encoder-webm-vorbis: bf7c407c2cedff20999df2af8eb42d56 -> 
  custom:framework-win-MediaFoundation: 216162199b28c13a410421893ffa2e32 -> 
  custom:container-demuxer-ogg: 62fdf1f143b41e24485cea50d1cbac27 -> 
  custom:video-decoder-webm-vp8: 9c59270c3fd7afecdb556c50c9e8de78 -> 
  custom:audio-decoder-ogg-vorbis: bf7c407c2cedff20999df2af8eb42d56 -> 
========================================================================
Received Prepare
Registering precompiled user dll's ...
Registered in 0.004733 seconds.
Begin MonoManager ReloadAssembly
Symbol file LoadedFromMemory doesn't match image D:\Github\WormsAssignment\WormsAssignmentGame\Library\PackageCache\com.unity.visualscripting@1.7.8\Editor\VisualScripting.Core\Dependencies\YamlDotNet\Unity.VisualScripting.YamlDotNet.dll
Symbol file LoadedFromMemory doesn't match image D:\Github\WormsAssignment\WormsAssignmentGame\Library\PackageCache\com.unity.visualscripting@1.7.8\Editor\VisualScripting.Core\Dependencies\DotNetZip\Unity.VisualScripting.IonicZip.dll
Native extension for WindowsStandalone target not found
Refreshing native plugins compatible for Editor in 0.83 ms, found 3 plugins.
Preloading 0 native plugins for Editor in 0.00 ms.
Mono: successfully reloaded assembly
- Completed reload, in  1.119 seconds
Domain Reload Profiling:
	ReloadAssembly (1119ms)
		BeginReloadAssembly (127ms)
			ExecutionOrderSort (0ms)
			DisableScriptedObjects (4ms)
			BackupInstance (0ms)
			ReleaseScriptingObjects (0ms)
			CreateAndSetChildDomain (37ms)
		EndReloadAssembly (903ms)
			LoadAssemblies (82ms)
			RebuildTransferFunctionScriptingTraits (0ms)
			SetupTypeCache (302ms)
			ReleaseScriptCaches (2ms)
			RebuildScriptCaches (51ms)
			SetupLoadedEditorAssemblies (396ms)
				LogAssemblyErrors (0ms)
				InitializePlatformSupportModulesInManaged (11ms)
				SetLoadedEditorAssemblies (0ms)
				RefreshPlugins (1ms)
				BeforeProcessingInitializeOnLoad (78ms)
				ProcessInitializeOnLoadAttributes (228ms)
				ProcessInitializeOnLoadMethodAttributes (69ms)
				AfterProcessingInitializeOnLoad (8ms)
				EditorAssembliesLoaded (0ms)
			ExecutionOrderSort2 (0ms)
			AwakeInstancesAfterBackupRestoration (10ms)
Platform modules already initialized, skipping
Refreshing native plugins compatible for Editor in 1.74 ms, found 3 plugins.
Preloading 0 native plugins for Editor in 0.00 ms.
Unloading 5559 Unused Serialized files (Serialized files now loaded: 0)
Unloading 30 unused Assets / (0.8 MB). Loaded Objects now: 6517.
Memory consumption went from 223.0 MB to 222.2 MB.
Total: 3.633400 ms (FindLiveObjects: 0.408500 ms CreateObjectMapping: 0.316600 ms MarkObjects: 2.597100 ms  DeleteObjects: 0.310400 ms)

AssetImportParameters requested are different than current active one (requested -> active):
  custom:video-decoder-ogg-theora: a1e56fd34408186e4bbccfd4996cb3dc -> 
  custom:container-muxer-webm: aa71ff27fc2769a1b78a27578f13a17b -> 
  custom:container-demuxer-webm: 4f35f7cbe854078d1ac9338744f61a02 -> 
  custom:video-encoder-webm-vp8: eb34c28f22e8b96e1ab97ce403110664 -> 
  custom:audio-encoder-webm-vorbis: bf7c407c2cedff20999df2af8eb42d56 -> 
  custom:framework-win-MediaFoundation: 216162199b28c13a410421893ffa2e32 -> 
  custom:container-demuxer-ogg: 62fdf1f143b41e24485cea50d1cbac27 -> 
  custom:video-decoder-webm-vp8: 9c59270c3fd7afecdb556c50c9e8de78 -> 
  custom:audio-decoder-ogg-vorbis: bf7c407c2cedff20999df2af8eb42d56 -> 
========================================================================
Received Prepare
Registering precompiled user dll's ...
Registered in 0.005071 seconds.
Begin MonoManager ReloadAssembly
Symbol file LoadedFromMemory doesn't match image D:\Github\WormsAssignment\WormsAssignmentGame\Library\PackageCache\com.unity.visualscripting@1.7.8\Editor\VisualScripting.Core\Dependencies\YamlDotNet\Unity.VisualScripting.YamlDotNet.dll
Symbol file LoadedFromMemory doesn't match image D:\Github\WormsAssignment\WormsAssignmentGame\Library\PackageCache\com.unity.visualscripting@1.7.8\Editor\VisualScripting.Core\Dependencies\DotNetZip\Unity.VisualScripting.IonicZip.dll
Native extension for WindowsStandalone target not found
Refreshing native plugins compatible for Editor in 0.83 ms, found 3 plugins.
Preloading 0 native plugins for Editor in 0.00 ms.
Mono: successfully reloaded assembly
- Completed reload, in  1.073 seconds
Domain Reload Profiling:
	ReloadAssembly (1074ms)
		BeginReloadAssembly (128ms)
			ExecutionOrderSort (0ms)
			DisableScriptedObjects (4ms)
			BackupInstance (0ms)
			ReleaseScriptingObjects (0ms)
			CreateAndSetChildDomain (33ms)
		EndReloadAssembly (862ms)
			LoadAssemblies (86ms)
			RebuildTransferFunctionScriptingTraits (0ms)
			SetupTypeCache (272ms)
			ReleaseScriptCaches (2ms)
			RebuildScriptCaches (44ms)
			SetupLoadedEditorAssemblies (405ms)
				LogAssemblyErrors (0ms)
				InitializePlatformSupportModulesInManaged (10ms)
				SetLoadedEditorAssemblies (0ms)
				RefreshPlugins (1ms)
				BeforeProcessingInitializeOnLoad (76ms)
				ProcessInitializeOnLoadAttributes (237ms)
				ProcessInitializeOnLoadMethodAttributes (73ms)
				AfterProcessingInitializeOnLoad (7ms)
				EditorAssembliesLoaded (0ms)
			ExecutionOrderSort2 (0ms)
			AwakeInstancesAfterBackupRestoration (12ms)
Platform modules already initialized, skipping
Refreshing native plugins compatible for Editor in 1.75 ms, found 3 plugins.
Preloading 0 native plugins for Editor in 0.00 ms.
Unloading 5559 Unused Serialized files (Serialized files now loaded: 0)
Unloading 30 unused Assets / (0.8 MB). Loaded Objects now: 6532.
Memory consumption went from 223.0 MB to 222.2 MB.
Total: 3.910900 ms (FindLiveObjects: 0.441700 ms CreateObjectMapping: 0.374000 ms MarkObjects: 2.778700 ms  DeleteObjects: 0.315600 ms)

AssetImportParameters requested are different than current active one (requested -> active):
  custom:video-decoder-ogg-theora: a1e56fd34408186e4bbccfd4996cb3dc -> 
  custom:container-muxer-webm: aa71ff27fc2769a1b78a27578f13a17b -> 
  custom:container-demuxer-webm: 4f35f7cbe854078d1ac9338744f61a02 -> 
  custom:video-encoder-webm-vp8: eb34c28f22e8b96e1ab97ce403110664 -> 
  custom:audio-encoder-webm-vorbis: bf7c407c2cedff20999df2af8eb42d56 -> 
  custom:framework-win-MediaFoundation: 216162199b28c13a410421893ffa2e32 -> 
  custom:container-demuxer-ogg: 62fdf1f143b41e24485cea50d1cbac27 -> 
  custom:video-decoder-webm-vp8: 9c59270c3fd7afecdb556c50c9e8de78 -> 
  custom:audio-decoder-ogg-vorbis: bf7c407c2cedff20999df2af8eb42d56 -> 
========================================================================
Received Prepare
Registering precompiled user dll's ...
Registered in 0.004601 seconds.
Begin MonoManager ReloadAssembly
Symbol file LoadedFromMemory doesn't match image D:\Github\WormsAssignment\WormsAssignmentGame\Library\PackageCache\com.unity.visualscripting@1.7.8\Editor\VisualScripting.Core\Dependencies\YamlDotNet\Unity.VisualScripting.YamlDotNet.dll
Symbol file LoadedFromMemory doesn't match image D:\Github\WormsAssignment\WormsAssignmentGame\Library\PackageCache\com.unity.visualscripting@1.7.8\Editor\VisualScripting.Core\Dependencies\DotNetZip\Unity.VisualScripting.IonicZip.dll
Native extension for WindowsStandalone target not found
Refreshing native plugins compatible for Editor in 0.88 ms, found 3 plugins.
Preloading 0 native plugins for Editor in 0.00 ms.
Mono: successfully reloaded assembly
- Completed reload, in  1.157 seconds
Domain Reload Profiling:
	ReloadAssembly (1158ms)
		BeginReloadAssembly (130ms)
			ExecutionOrderSort (0ms)
			DisableScriptedObjects (5ms)
			BackupInstance (0ms)
			ReleaseScriptingObjects (0ms)
			CreateAndSetChildDomain (39ms)
		EndReloadAssembly (943ms)
			LoadAssemblies (81ms)
			RebuildTransferFunctionScriptingTraits (0ms)
			SetupTypeCache (283ms)
			ReleaseScriptCaches (2ms)
			RebuildScriptCaches (53ms)
			SetupLoadedEditorAssemblies (454ms)
				LogAssemblyErrors (0ms)
				InitializePlatformSupportModulesInManaged (13ms)
				SetLoadedEditorAssemblies (0ms)
				RefreshPlugins (1ms)
				BeforeProcessingInitializeOnLoad (86ms)
				ProcessInitializeOnLoadAttributes (264ms)
				ProcessInitializeOnLoadMethodAttributes (82ms)
				AfterProcessingInitializeOnLoad (9ms)
				EditorAssembliesLoaded (0ms)
			ExecutionOrderSort2 (0ms)
			AwakeInstancesAfterBackupRestoration (12ms)
Platform modules already initialized, skipping
Refreshing native plugins compatible for Editor in 2.43 ms, found 3 plugins.
Preloading 0 native plugins for Editor in 0.00 ms.
Unloading 5559 Unused Serialized files (Serialized files now loaded: 0)
Unloading 30 unused Assets / (0.8 MB). Loaded Objects now: 6547.
Memory consumption went from 223.0 MB to 222.2 MB.
Total: 4.140100 ms (FindLiveObjects: 0.425100 ms CreateObjectMapping: 0.354100 ms MarkObjects: 2.990400 ms  DeleteObjects: 0.369600 ms)

AssetImportParameters requested are different than current active one (requested -> active):
  custom:video-decoder-ogg-theora: a1e56fd34408186e4bbccfd4996cb3dc -> 
  custom:container-muxer-webm: aa71ff27fc2769a1b78a27578f13a17b -> 
  custom:container-demuxer-webm: 4f35f7cbe854078d1ac9338744f61a02 -> 
  custom:video-encoder-webm-vp8: eb34c28f22e8b96e1ab97ce403110664 -> 
  custom:audio-encoder-webm-vorbis: bf7c407c2cedff20999df2af8eb42d56 -> 
  custom:framework-win-MediaFoundation: 216162199b28c13a410421893ffa2e32 -> 
  custom:container-demuxer-ogg: 62fdf1f143b41e24485cea50d1cbac27 -> 
  custom:video-decoder-webm-vp8: 9c59270c3fd7afecdb556c50c9e8de78 -> 
  custom:audio-decoder-ogg-vorbis: bf7c407c2cedff20999df2af8eb42d56 -> 
========================================================================
Received Prepare
Registering precompiled user dll's ...
Registered in 0.004708 seconds.
Begin MonoManager ReloadAssembly
Symbol file LoadedFromMemory doesn't match image D:\Github\WormsAssignment\WormsAssignmentGame\Library\PackageCache\com.unity.visualscripting@1.7.8\Editor\VisualScripting.Core\Dependencies\YamlDotNet\Unity.VisualScripting.YamlDotNet.dll
Symbol file LoadedFromMemory doesn't match image D:\Github\WormsAssignment\WormsAssignmentGame\Library\PackageCache\com.unity.visualscripting@1.7.8\Editor\VisualScripting.Core\Dependencies\DotNetZip\Unity.VisualScripting.IonicZip.dll
Native extension for WindowsStandalone target not found
Refreshing native plugins compatible for Editor in 0.81 ms, found 3 plugins.
Preloading 0 native plugins for Editor in 0.00 ms.
Mono: successfully reloaded assembly
- Completed reload, in  1.055 seconds
Domain Reload Profiling:
	ReloadAssembly (1056ms)
		BeginReloadAssembly (121ms)
			ExecutionOrderSort (0ms)
			DisableScriptedObjects (4ms)
			BackupInstance (0ms)
			ReleaseScriptingObjects (0ms)
			CreateAndSetChildDomain (32ms)
		EndReloadAssembly (848ms)
			LoadAssemblies (81ms)
			RebuildTransferFunctionScriptingTraits (0ms)
			SetupTypeCache (265ms)
			ReleaseScriptCaches (2ms)
			RebuildScriptCaches (46ms)
			SetupLoadedEditorAssemblies (401ms)
				LogAssemblyErrors (0ms)
				InitializePlatformSupportModulesInManaged (10ms)
				SetLoadedEditorAssemblies (1ms)
				RefreshPlugins (1ms)
				BeforeProcessingInitializeOnLoad (75ms)
				ProcessInitializeOnLoadAttributes (235ms)
				ProcessInitializeOnLoadMethodAttributes (72ms)
				AfterProcessingInitializeOnLoad (8ms)
				EditorAssembliesLoaded (0ms)
			ExecutionOrderSort2 (0ms)
			AwakeInstancesAfterBackupRestoration (11ms)
Platform modules already initialized, skipping
Refreshing native plugins compatible for Editor in 1.87 ms, found 3 plugins.
Preloading 0 native plugins for Editor in 0.00 ms.
Unloading 5559 Unused Serialized files (Serialized files now loaded: 0)
Unloading 30 unused Assets / (0.8 MB). Loaded Objects now: 6562.
Memory consumption went from 223.0 MB to 222.3 MB.
Total: 3.652600 ms (FindLiveObjects: 0.538200 ms CreateObjectMapping: 0.365500 ms MarkObjects: 2.417600 ms  DeleteObjects: 0.330400 ms)

AssetImportParameters requested are different than current active one (requested -> active):
  custom:video-decoder-ogg-theora: a1e56fd34408186e4bbccfd4996cb3dc -> 
  custom:container-muxer-webm: aa71ff27fc2769a1b78a27578f13a17b -> 
  custom:container-demuxer-webm: 4f35f7cbe854078d1ac9338744f61a02 -> 
  custom:video-encoder-webm-vp8: eb34c28f22e8b96e1ab97ce403110664 -> 
  custom:audio-encoder-webm-vorbis: bf7c407c2cedff20999df2af8eb42d56 -> 
  custom:framework-win-MediaFoundation: 216162199b28c13a410421893ffa2e32 -> 
  custom:container-demuxer-ogg: 62fdf1f143b41e24485cea50d1cbac27 -> 
  custom:video-decoder-webm-vp8: 9c59270c3fd7afecdb556c50c9e8de78 -> 
  custom:audio-decoder-ogg-vorbis: bf7c407c2cedff20999df2af8eb42d56 -> 
========================================================================
Received Prepare
Registering precompiled user dll's ...
Registered in 0.004954 seconds.
Begin MonoManager ReloadAssembly
Symbol file LoadedFromMemory doesn't match image D:\Github\WormsAssignment\WormsAssignmentGame\Library\PackageCache\com.unity.visualscripting@1.7.8\Editor\VisualScripting.Core\Dependencies\YamlDotNet\Unity.VisualScripting.YamlDotNet.dll
Symbol file LoadedFromMemory doesn't match image D:\Github\WormsAssignment\WormsAssignmentGame\Library\PackageCache\com.unity.visualscripting@1.7.8\Editor\VisualScripting.Core\Dependencies\DotNetZip\Unity.VisualScripting.IonicZip.dll
Native extension for WindowsStandalone target not found
Refreshing native plugins compatible for Editor in 0.93 ms, found 3 plugins.
Preloading 0 native plugins for Editor in 0.00 ms.
Mono: successfully reloaded assembly
- Completed reload, in  1.158 seconds
Domain Reload Profiling:
	ReloadAssembly (1159ms)
		BeginReloadAssembly (128ms)
			ExecutionOrderSort (0ms)
			DisableScriptedObjects (4ms)
			BackupInstance (0ms)
			ReleaseScriptingObjects (0ms)
			CreateAndSetChildDomain (38ms)
		EndReloadAssembly (941ms)
			LoadAssemblies (83ms)
			RebuildTransferFunctionScriptingTraits (0ms)
			SetupTypeCache (281ms)
			ReleaseScriptCaches (2ms)
			RebuildScriptCaches (52ms)
			SetupLoadedEditorAssemblies (453ms)
				LogAssemblyErrors (0ms)
				InitializePlatformSupportModulesInManaged (12ms)
				SetLoadedEditorAssemblies (0ms)
				RefreshPlugins (1ms)
				BeforeProcessingInitializeOnLoad (84ms)
				ProcessInitializeOnLoadAttributes (265ms)
				ProcessInitializeOnLoadMethodAttributes (82ms)
				AfterProcessingInitializeOnLoad (8ms)
				EditorAssembliesLoaded (0ms)
			ExecutionOrderSort2 (0ms)
			AwakeInstancesAfterBackupRestoration (12ms)
Platform modules already initialized, skipping
Refreshing native plugins compatible for Editor in 2.12 ms, found 3 plugins.
Preloading 0 native plugins for Editor in 0.00 ms.
Unloading 5559 Unused Serialized files (Serialized files now loaded: 0)
Unloading 30 unused Assets / (0.8 MB). Loaded Objects now: 6577.
Memory consumption went from 223.1 MB to 222.3 MB.
Total: 4.344500 ms (FindLiveObjects: 0.525800 ms CreateObjectMapping: 0.480700 ms MarkObjects: 2.944500 ms  DeleteObjects: 0.392600 ms)

AssetImportParameters requested are different than current active one (requested -> active):
  custom:video-decoder-ogg-theora: a1e56fd34408186e4bbccfd4996cb3dc -> 
  custom:container-muxer-webm: aa71ff27fc2769a1b78a27578f13a17b -> 
  custom:container-demuxer-webm: 4f35f7cbe854078d1ac9338744f61a02 -> 
  custom:video-encoder-webm-vp8: eb34c28f22e8b96e1ab97ce403110664 -> 
  custom:audio-encoder-webm-vorbis: bf7c407c2cedff20999df2af8eb42d56 -> 
  custom:framework-win-MediaFoundation: 216162199b28c13a410421893ffa2e32 -> 
  custom:container-demuxer-ogg: 62fdf1f143b41e24485cea50d1cbac27 -> 
  custom:video-decoder-webm-vp8: 9c59270c3fd7afecdb556c50c9e8de78 -> 
  custom:audio-decoder-ogg-vorbis: bf7c407c2cedff20999df2af8eb42d56 -> 
========================================================================
Received Prepare
Registering precompiled user dll's ...
Registered in 0.004581 seconds.
Begin MonoManager ReloadAssembly
Symbol file LoadedFromMemory doesn't match image D:\Github\WormsAssignment\WormsAssignmentGame\Library\PackageCache\com.unity.visualscripting@1.7.8\Editor\VisualScripting.Core\Dependencies\YamlDotNet\Unity.VisualScripting.YamlDotNet.dll
Symbol file LoadedFromMemory doesn't match image D:\Github\WormsAssignment\WormsAssignmentGame\Library\PackageCache\com.unity.visualscripting@1.7.8\Editor\VisualScripting.Core\Dependencies\DotNetZip\Unity.VisualScripting.IonicZip.dll
Native extension for WindowsStandalone target not found
Refreshing native plugins compatible for Editor in 0.83 ms, found 3 plugins.
Preloading 0 native plugins for Editor in 0.00 ms.
Mono: successfully reloaded assembly
- Completed reload, in  1.063 seconds
Domain Reload Profiling:
	ReloadAssembly (1063ms)
		BeginReloadAssembly (126ms)
			ExecutionOrderSort (0ms)
			DisableScriptedObjects (4ms)
			BackupInstance (0ms)
			ReleaseScriptingObjects (0ms)
			CreateAndSetChildDomain (37ms)
		EndReloadAssembly (854ms)
			LoadAssemblies (81ms)
			RebuildTransferFunctionScriptingTraits (0ms)
			SetupTypeCache (271ms)
			ReleaseScriptCaches (2ms)
			RebuildScriptCaches (50ms)
			SetupLoadedEditorAssemblies (392ms)
				LogAssemblyErrors (0ms)
				InitializePlatformSupportModulesInManaged (11ms)
				SetLoadedEditorAssemblies (0ms)
				RefreshPlugins (1ms)
				BeforeProcessingInitializeOnLoad (76ms)
				ProcessInitializeOnLoadAttributes (228ms)
				ProcessInitializeOnLoadMethodAttributes (68ms)
				AfterProcessingInitializeOnLoad (7ms)
				EditorAssembliesLoaded (0ms)
			ExecutionOrderSort2 (0ms)
			AwakeInstancesAfterBackupRestoration (10ms)
Platform modules already initialized, skipping
Refreshing native plugins compatible for Editor in 1.72 ms, found 3 plugins.
Preloading 0 native plugins for Editor in 0.00 ms.
Unloading 5559 Unused Serialized files (Serialized files now loaded: 0)
Unloading 30 unused Assets / (0.8 MB). Loaded Objects now: 6592.
Memory consumption went from 223.1 MB to 222.3 MB.
Total: 3.784200 ms (FindLiveObjects: 0.406700 ms CreateObjectMapping: 0.297200 ms MarkObjects: 2.776200 ms  DeleteObjects: 0.303300 ms)

AssetImportParameters requested are different than current active one (requested -> active):
  custom:video-decoder-ogg-theora: a1e56fd34408186e4bbccfd4996cb3dc -> 
  custom:container-muxer-webm: aa71ff27fc2769a1b78a27578f13a17b -> 
  custom:container-demuxer-webm: 4f35f7cbe854078d1ac9338744f61a02 -> 
  custom:video-encoder-webm-vp8: eb34c28f22e8b96e1ab97ce403110664 -> 
  custom:audio-encoder-webm-vorbis: bf7c407c2cedff20999df2af8eb42d56 -> 
  custom:framework-win-MediaFoundation: 216162199b28c13a410421893ffa2e32 -> 
  custom:container-demuxer-ogg: 62fdf1f143b41e24485cea50d1cbac27 -> 
  custom:video-decoder-webm-vp8: 9c59270c3fd7afecdb556c50c9e8de78 -> 
  custom:audio-decoder-ogg-vorbis: bf7c407c2cedff20999df2af8eb42d56 -> 
========================================================================
Received Prepare
Registering precompiled user dll's ...
Registered in 0.004678 seconds.
Begin MonoManager ReloadAssembly
Symbol file LoadedFromMemory doesn't match image D:\Github\WormsAssignment\WormsAssignmentGame\Library\PackageCache\com.unity.visualscripting@1.7.8\Editor\VisualScripting.Core\Dependencies\YamlDotNet\Unity.VisualScripting.YamlDotNet.dll
Symbol file LoadedFromMemory doesn't match image D:\Github\WormsAssignment\WormsAssignmentGame\Library\PackageCache\com.unity.visualscripting@1.7.8\Editor\VisualScripting.Core\Dependencies\DotNetZip\Unity.VisualScripting.IonicZip.dll
Native extension for WindowsStandalone target not found
Refreshing native plugins compatible for Editor in 0.86 ms, found 3 plugins.
Preloading 0 native plugins for Editor in 0.00 ms.
Mono: successfully reloaded assembly
- Completed reload, in  1.030 seconds
Domain Reload Profiling:
	ReloadAssembly (1031ms)
		BeginReloadAssembly (118ms)
			ExecutionOrderSort (0ms)
			DisableScriptedObjects (4ms)
			BackupInstance (0ms)
			ReleaseScriptingObjects (0ms)
			CreateAndSetChildDomain (31ms)
		EndReloadAssembly (828ms)
			LoadAssemblies (72ms)
			RebuildTransferFunctionScriptingTraits (0ms)
			SetupTypeCache (267ms)
			ReleaseScriptCaches (2ms)
			RebuildScriptCaches (45ms)
			SetupLoadedEditorAssemblies (382ms)
				LogAssemblyErrors (0ms)
				InitializePlatformSupportModulesInManaged (10ms)
				SetLoadedEditorAssemblies (0ms)
				RefreshPlugins (1ms)
				BeforeProcessingInitializeOnLoad (74ms)
				ProcessInitializeOnLoadAttributes (222ms)
				ProcessInitializeOnLoadMethodAttributes (67ms)
				AfterProcessingInitializeOnLoad (7ms)
				EditorAssembliesLoaded (0ms)
			ExecutionOrderSort2 (0ms)
			AwakeInstancesAfterBackupRestoration (11ms)
Platform modules already initialized, skipping
Refreshing native plugins compatible for Editor in 1.76 ms, found 3 plugins.
Preloading 0 native plugins for Editor in 0.00 ms.
Unloading 5559 Unused Serialized files (Serialized files now loaded: 0)
Unloading 30 unused Assets / (0.8 MB). Loaded Objects now: 6607.
Memory consumption went from 223.2 MB to 222.4 MB.
Total: 3.697100 ms (FindLiveObjects: 0.415000 ms CreateObjectMapping: 0.279400 ms MarkObjects: 2.681500 ms  DeleteObjects: 0.320500 ms)

AssetImportParameters requested are different than current active one (requested -> active):
  custom:video-decoder-ogg-theora: a1e56fd34408186e4bbccfd4996cb3dc -> 
  custom:container-muxer-webm: aa71ff27fc2769a1b78a27578f13a17b -> 
  custom:container-demuxer-webm: 4f35f7cbe854078d1ac9338744f61a02 -> 
  custom:video-encoder-webm-vp8: eb34c28f22e8b96e1ab97ce403110664 -> 
  custom:audio-encoder-webm-vorbis: bf7c407c2cedff20999df2af8eb42d56 -> 
  custom:framework-win-MediaFoundation: 216162199b28c13a410421893ffa2e32 -> 
  custom:container-demuxer-ogg: 62fdf1f143b41e24485cea50d1cbac27 -> 
  custom:video-decoder-webm-vp8: 9c59270c3fd7afecdb556c50c9e8de78 -> 
  custom:audio-decoder-ogg-vorbis: bf7c407c2cedff20999df2af8eb42d56 -> 
========================================================================
Received Import Request.
  Time since last request: 312.779563 seconds.
  path: Assets/Resources/assassin.prefab
  artifactKey: Guid(8f45009364896804180df82ed686f8ed) Importer(815301076,1909f56bfc062723c751e8b465ee728b)
Start importing Assets/Resources/assassin.prefab using Guid(8f45009364896804180df82ed686f8ed) Importer(815301076,1909f56bfc062723c751e8b465ee728b)  -> (artifact id: '8c6522388160a5a7a6f661e48b1360ce') in 0.214653 seconds 
========================================================================
Received Import Request.
  Time since last request: 0.000024 seconds.
  path: Assets/Resources/sniper.prefab
  artifactKey: Guid(bddc91e76d6acf44d999c3f2a513ae00) Importer(815301076,1909f56bfc062723c751e8b465ee728b)
Start importing Assets/Resources/sniper.prefab using Guid(bddc91e76d6acf44d999c3f2a513ae00) Importer(815301076,1909f56bfc062723c751e8b465ee728b)  -> (artifact id: '8d1e51260f37745aa892cee3d187a00b') in 0.032041 seconds 
========================================================================
Received Import Request.
  Time since last request: 0.000033 seconds.
  path: Assets/Resources/bomber.prefab
  artifactKey: Guid(7c2454e42a343024cae4adbf2ae179c1) Importer(815301076,1909f56bfc062723c751e8b465ee728b)
Start importing Assets/Resources/bomber.prefab using Guid(7c2454e42a343024cae4adbf2ae179c1) Importer(815301076,1909f56bfc062723c751e8b465ee728b)  -> (artifact id: '797888b5b8b217358167af270b50b4ae') in 0.033835 seconds 
========================================================================
Received Import Request.
  Time since last request: 0.000030 seconds.
  path: Assets/Resources/gunner.prefab
  artifactKey: Guid(ef3abdba3dc24424cbe6fc68c2312bd3) Importer(815301076,1909f56bfc062723c751e8b465ee728b)
Start importing Assets/Resources/gunner.prefab using Guid(ef3abdba3dc24424cbe6fc68c2312bd3) Importer(815301076,1909f56bfc062723c751e8b465ee728b)  -> (artifact id: 'e3cc2c4d821d73d0aac97e7dbc62f19a') in 0.030004 seconds 
========================================================================
Received Import Request.
  Time since last request: 5.689789 seconds.
  path: Assets/Resources/assassin.prefab
  artifactKey: Guid(8f45009364896804180df82ed686f8ed) Importer(815301076,1909f56bfc062723c751e8b465ee728b)
Start importing Assets/Resources/assassin.prefab using Guid(8f45009364896804180df82ed686f8ed) Importer(815301076,1909f56bfc062723c751e8b465ee728b)  -> (artifact id: '278e08c385c9816de7756b4f8ac04107') in 0.029898 seconds 
========================================================================
Received Import Request.
  Time since last request: 2.053890 seconds.
  path: Assets/Resources/assassin.prefab
  artifactKey: Guid(8f45009364896804180df82ed686f8ed) Importer(815301076,1909f56bfc062723c751e8b465ee728b)
Start importing Assets/Resources/assassin.prefab using Guid(8f45009364896804180df82ed686f8ed) Importer(815301076,1909f56bfc062723c751e8b465ee728b)  -> (artifact id: '56ad46d3f82bc50e8ddc6f6da4d09bbc') in 0.038066 seconds 
========================================================================
Received Import Request.
  Time since last request: 5.649790 seconds.
  path: Assets/Resources/assassin.prefab
  artifactKey: Guid(8f45009364896804180df82ed686f8ed) Importer(815301076,1909f56bfc062723c751e8b465ee728b)
Start importing Assets/Resources/assassin.prefab using Guid(8f45009364896804180df82ed686f8ed) Importer(815301076,1909f56bfc062723c751e8b465ee728b)  -> (artifact id: '2745d6964fc2bc5e842f2091428e1a05') in 0.026851 seconds 
========================================================================
Received Import Request.
  Time since last request: 4.406793 seconds.
  path: Assets/Resources/assassin.prefab
  artifactKey: Guid(8f45009364896804180df82ed686f8ed) Importer(815301076,1909f56bfc062723c751e8b465ee728b)
Start importing Assets/Resources/assassin.prefab using Guid(8f45009364896804180df82ed686f8ed) Importer(815301076,1909f56bfc062723c751e8b465ee728b)  -> (artifact id: 'dd05e3759bbb8344535c7ebb86d3ab27') in 0.028561 seconds 
========================================================================
Received Import Request.
  Time since last request: 0.766082 seconds.
  path: Assets/Resources/assassin.prefab
  artifactKey: Guid(8f45009364896804180df82ed686f8ed) Importer(815301076,1909f56bfc062723c751e8b465ee728b)
Start importing Assets/Resources/assassin.prefab using Guid(8f45009364896804180df82ed686f8ed) Importer(815301076,1909f56bfc062723c751e8b465ee728b)  -> (artifact id: 'db1224336b72816a5a05be534130b138') in 0.028061 seconds 
========================================================================
Received Import Request.
  Time since last request: 3.391879 seconds.
  path: Assets/Resources/assassin.prefab
  artifactKey: Guid(8f45009364896804180df82ed686f8ed) Importer(815301076,1909f56bfc062723c751e8b465ee728b)
Start importing Assets/Resources/assassin.prefab using Guid(8f45009364896804180df82ed686f8ed) Importer(815301076,1909f56bfc062723c751e8b465ee728b)  -> (artifact id: '14b4ab9211f98f7c140c0fcc02537814') in 0.033312 seconds 
========================================================================
Received Import Request.
  Time since last request: 4.192987 seconds.
  path: Assets/Resources/assassin.prefab
  artifactKey: Guid(8f45009364896804180df82ed686f8ed) Importer(815301076,1909f56bfc062723c751e8b465ee728b)
Start importing Assets/Resources/assassin.prefab using Guid(8f45009364896804180df82ed686f8ed) Importer(815301076,1909f56bfc062723c751e8b465ee728b)  -> (artifact id: '6d6f6601a295ec26bbbe8c0fa0b7b5fc') in 0.033482 seconds 
========================================================================
Received Import Request.
  Time since last request: 2.777109 seconds.
  path: Assets/Resources/assassin.prefab
  artifactKey: Guid(8f45009364896804180df82ed686f8ed) Importer(815301076,1909f56bfc062723c751e8b465ee728b)
Start importing Assets/Resources/assassin.prefab using Guid(8f45009364896804180df82ed686f8ed) Importer(815301076,1909f56bfc062723c751e8b465ee728b)  -> (artifact id: 'e32fe53610384a616232ec396b7f5823') in 0.044859 seconds 
========================================================================
Received Import Request.
  Time since last request: 3.772246 seconds.
  path: Assets/Resources/assassin.prefab
  artifactKey: Guid(8f45009364896804180df82ed686f8ed) Importer(815301076,1909f56bfc062723c751e8b465ee728b)
Start importing Assets/Resources/assassin.prefab using Guid(8f45009364896804180df82ed686f8ed) Importer(815301076,1909f56bfc062723c751e8b465ee728b)  -> (artifact id: 'afc605755900ace9c6e9fc8c9eb5c0a9') in 0.026175 seconds 
========================================================================
Received Import Request.
  Time since last request: 12.505823 seconds.
  path: Assets/Resources/assassin.prefab
  artifactKey: Guid(8f45009364896804180df82ed686f8ed) Importer(815301076,1909f56bfc062723c751e8b465ee728b)
Start importing Assets/Resources/assassin.prefab using Guid(8f45009364896804180df82ed686f8ed) Importer(815301076,1909f56bfc062723c751e8b465ee728b)  -> (artifact id: '4866e8186b6900873adeed1516d3071a') in 0.031005 seconds 
========================================================================
Received Import Request.
  Time since last request: 2.035207 seconds.
  path: Assets/Resources/assassin.prefab
  artifactKey: Guid(8f45009364896804180df82ed686f8ed) Importer(815301076,1909f56bfc062723c751e8b465ee728b)
Start importing Assets/Resources/assassin.prefab using Guid(8f45009364896804180df82ed686f8ed) Importer(815301076,1909f56bfc062723c751e8b465ee728b)  -> (artifact id: '883cf240e202f493b9adb79496c5b66b') in 0.028073 seconds 
========================================================================
Received Import Request.
  Time since last request: 1.751445 seconds.
  path: Assets/Resources/assassin.prefab
  artifactKey: Guid(8f45009364896804180df82ed686f8ed) Importer(815301076,1909f56bfc062723c751e8b465ee728b)
Start importing Assets/Resources/assassin.prefab using Guid(8f45009364896804180df82ed686f8ed) Importer(815301076,1909f56bfc062723c751e8b465ee728b)  -> (artifact id: 'a5f1365dea57b868d92a120dc404b667') in 0.033286 seconds 
========================================================================
Received Import Request.
  Time since last request: 5.337202 seconds.
  path: Assets/Resources/assassin.prefab
  artifactKey: Guid(8f45009364896804180df82ed686f8ed) Importer(815301076,1909f56bfc062723c751e8b465ee728b)
Start importing Assets/Resources/assassin.prefab using Guid(8f45009364896804180df82ed686f8ed) Importer(815301076,1909f56bfc062723c751e8b465ee728b)  -> (artifact id: '11422d89427e218d1c78c7682deb0a63') in 0.031643 seconds 
========================================================================
Received Import Request.
  Time since last request: 8.434885 seconds.
  path: Assets/Resources/assassin.prefab
  artifactKey: Guid(8f45009364896804180df82ed686f8ed) Importer(815301076,1909f56bfc062723c751e8b465ee728b)
Start importing Assets/Resources/assassin.prefab using Guid(8f45009364896804180df82ed686f8ed) Importer(815301076,1909f56bfc062723c751e8b465ee728b)  -> (artifact id: 'd5bb2c8220bb6c14713408625064ef2e') in 0.028558 seconds 
========================================================================
Received Import Request.
  Time since last request: 6.287958 seconds.
  path: Assets/Resources/assassin.prefab
  artifactKey: Guid(8f45009364896804180df82ed686f8ed) Importer(815301076,1909f56bfc062723c751e8b465ee728b)
Start importing Assets/Resources/assassin.prefab using Guid(8f45009364896804180df82ed686f8ed) Importer(815301076,1909f56bfc062723c751e8b465ee728b)  -> (artifact id: 'fa27bcd47d31804e3cc29f9041c52bf7') in 0.028335 seconds 
========================================================================
Received Import Request.
  Time since last request: 5.585005 seconds.
  path: Assets/Resources/assassin.prefab
  artifactKey: Guid(8f45009364896804180df82ed686f8ed) Importer(815301076,1909f56bfc062723c751e8b465ee728b)
Start importing Assets/Resources/assassin.prefab using Guid(8f45009364896804180df82ed686f8ed) Importer(815301076,1909f56bfc062723c751e8b465ee728b)  -> (artifact id: 'c2a883c74cf8dbf92feb678e3f3be0f6') in 0.028498 seconds 
========================================================================
Received Import Request.
  Time since last request: 8.745261 seconds.
  path: Assets/Resources/gunner.prefab
  artifactKey: Guid(ef3abdba3dc24424cbe6fc68c2312bd3) Importer(815301076,1909f56bfc062723c751e8b465ee728b)
Start importing Assets/Resources/gunner.prefab using Guid(ef3abdba3dc24424cbe6fc68c2312bd3) Importer(815301076,1909f56bfc062723c751e8b465ee728b)  -> (artifact id: 'ee907fffd1bcc83b8d984bd6223ae030') in 0.033935 seconds 
========================================================================
Received Import Request.
  Time since last request: 0.855663 seconds.
  path: Assets/Resources/gunner.prefab
  artifactKey: Guid(ef3abdba3dc24424cbe6fc68c2312bd3) Importer(815301076,1909f56bfc062723c751e8b465ee728b)
Start importing Assets/Resources/gunner.prefab using Guid(ef3abdba3dc24424cbe6fc68c2312bd3) Importer(815301076,1909f56bfc062723c751e8b465ee728b)  -> (artifact id: 'c4e76c30cf94a746c8a74eb098d1508a') in 0.036032 seconds 
========================================================================
Received Import Request.
  Time since last request: 2.547972 seconds.
  path: Assets/Resources/gunner.prefab
  artifactKey: Guid(ef3abdba3dc24424cbe6fc68c2312bd3) Importer(815301076,1909f56bfc062723c751e8b465ee728b)
Start importing Assets/Resources/gunner.prefab using Guid(ef3abdba3dc24424cbe6fc68c2312bd3) Importer(815301076,1909f56bfc062723c751e8b465ee728b)  -> (artifact id: 'ba3f29cabdd8c16b66fb1f738eaa7469') in 0.027913 seconds 
========================================================================
Received Import Request.
  Time since last request: 5.104485 seconds.
  path: Assets/Resources/bomber.prefab
  artifactKey: Guid(7c2454e42a343024cae4adbf2ae179c1) Importer(815301076,1909f56bfc062723c751e8b465ee728b)
Start importing Assets/Resources/bomber.prefab using Guid(7c2454e42a343024cae4adbf2ae179c1) Importer(815301076,1909f56bfc062723c751e8b465ee728b)  -> (artifact id: 'b945187641c1a3a82f7f083320f5fb16') in 0.028237 seconds 
========================================================================
Received Import Request.
  Time since last request: 1.010884 seconds.
  path: Assets/Resources/bomber.prefab
  artifactKey: Guid(7c2454e42a343024cae4adbf2ae179c1) Importer(815301076,1909f56bfc062723c751e8b465ee728b)
Start importing Assets/Resources/bomber.prefab using Guid(7c2454e42a343024cae4adbf2ae179c1) Importer(815301076,1909f56bfc062723c751e8b465ee728b)  -> (artifact id: 'c5af4ee0b7e2cfd05711b1f42a0ddf05') in 0.028663 seconds 
========================================================================
Received Import Request.
  Time since last request: 7.980860 seconds.
  path: Assets/Resources/bomber.prefab
  artifactKey: Guid(7c2454e42a343024cae4adbf2ae179c1) Importer(815301076,1909f56bfc062723c751e8b465ee728b)
Start importing Assets/Resources/bomber.prefab using Guid(7c2454e42a343024cae4adbf2ae179c1) Importer(815301076,1909f56bfc062723c751e8b465ee728b)  -> (artifact id: '55cae4580469290abe48cd335601c836') in 0.030781 seconds 
========================================================================
Received Import Request.
  Time since last request: 6.356785 seconds.
  path: Assets/Resources/bomber.prefab
  artifactKey: Guid(7c2454e42a343024cae4adbf2ae179c1) Importer(815301076,1909f56bfc062723c751e8b465ee728b)
Start importing Assets/Resources/bomber.prefab using Guid(7c2454e42a343024cae4adbf2ae179c1) Importer(815301076,1909f56bfc062723c751e8b465ee728b)  -> (artifact id: '65bf062ba3404850d8c59ae40d5a784a') in 0.027724 seconds 
========================================================================
Received Import Request.
  Time since last request: 5.731878 seconds.
  path: Assets/Resources/gunner.prefab
  artifactKey: Guid(ef3abdba3dc24424cbe6fc68c2312bd3) Importer(815301076,1909f56bfc062723c751e8b465ee728b)
Start importing Assets/Resources/gunner.prefab using Guid(ef3abdba3dc24424cbe6fc68c2312bd3) Importer(815301076,1909f56bfc062723c751e8b465ee728b)  -> (artifact id: 'e5bd87be340acb9570cbbaba11a50b0e') in 0.029420 seconds 
